mode: set
github.com/daveshanley/vacuum/plugin/sample/boot.go:7.31,15.2 4 1
github.com/daveshanley/vacuum/plugin/sample/check_single_path.go:14.69,18.2 1 1
github.com/daveshanley/vacuum/plugin/sample/check_single_path.go:21.122,30.28 3 0
github.com/daveshanley/vacuum/plugin/sample/check_single_path.go:30.28,40.3 1 0
github.com/daveshanley/vacuum/plugin/sample/check_single_path.go:41.2,41.12 1 0
github.com/daveshanley/vacuum/plugin/sample/useless_func.go:13.59,17.2 1 1
github.com/daveshanley/vacuum/plugin/sample/useless_func.go:20.112,32.2 1 0
github.com/daveshanley/vacuum/plugin/plugin_loader.go:12.51,15.16 2 1
github.com/daveshanley/vacuum/plugin/plugin_loader.go:15.16,17.3 1 1
github.com/daveshanley/vacuum/plugin/plugin_loader.go:19.2,21.35 2 1
github.com/daveshanley/vacuum/plugin/plugin_loader.go:21.35,22.63 1 1
github.com/daveshanley/vacuum/plugin/plugin_loader.go:22.63,30.16 4 0
github.com/daveshanley/vacuum/plugin/plugin_loader.go:30.16,32.5 1 0
github.com/daveshanley/vacuum/plugin/plugin_loader.go:35.4,37.18 3 0
github.com/daveshanley/vacuum/plugin/plugin_loader.go:37.18,39.5 1 0
github.com/daveshanley/vacuum/plugin/plugin_loader.go:42.4,42.23 1 0
github.com/daveshanley/vacuum/plugin/plugin_loader.go:42.23,44.5 1 0
github.com/daveshanley/vacuum/plugin/plugin_loader.go:44.10,46.5 1 0
github.com/daveshanley/vacuum/plugin/plugin_loader.go:50.2,50.16 1 1
github.com/daveshanley/vacuum/plugin/plugin_manager.go:15.37,19.2 1 1
github.com/daveshanley/vacuum/plugin/plugin_manager.go:22.83,24.2 1 1
github.com/daveshanley/vacuum/plugin/plugin_manager.go:27.46,29.2 1 1
github.com/daveshanley/vacuum/plugin/plugin_manager.go:31.71,33.2 1 1
github.com/daveshanley/vacuum/functions/functions.go:38.38,40.29 1 1
github.com/daveshanley/vacuum/functions/functions.go:40.29,95.3 46 1
github.com/daveshanley/vacuum/functions/functions.go:97.2,97.27 1 1
github.com/daveshanley/vacuum/functions/functions.go:100.122,102.2 1 0
github.com/daveshanley/vacuum/functions/functions.go:104.74,106.2 1 1
github.com/daveshanley/vacuum/functions/functions.go:108.79,110.2 1 0
github.com/daveshanley/vacuum/parser/json_schema.go:61.64,63.28 2 1
github.com/daveshanley/vacuum/parser/json_schema.go:63.28,64.45 1 1
github.com/daveshanley/vacuum/parser/json_schema.go:64.45,67.43 2 1
github.com/daveshanley/vacuum/parser/json_schema.go:67.43,75.41 5 1
github.com/daveshanley/vacuum/parser/json_schema.go:75.41,77.6 1 1
github.com/daveshanley/vacuum/parser/json_schema.go:79.5,79.39 1 1
github.com/daveshanley/vacuum/parser/json_schema.go:79.39,81.6 1 1
github.com/daveshanley/vacuum/parser/json_schema.go:83.5,83.42 1 1
github.com/daveshanley/vacuum/parser/json_schema.go:83.42,85.6 1 1
github.com/daveshanley/vacuum/parser/json_schema.go:87.5,87.38 1 1
github.com/daveshanley/vacuum/parser/json_schema.go:87.38,89.6 1 0
github.com/daveshanley/vacuum/parser/json_schema.go:91.5,93.28 2 1
github.com/daveshanley/vacuum/parser/json_schema.go:93.28,94.24 1 1
github.com/daveshanley/vacuum/parser/json_schema.go:95.29,96.20 1 1
github.com/daveshanley/vacuum/parser/json_schema.go:96.20,100.8 1 1
github.com/daveshanley/vacuum/parser/json_schema.go:101.30,102.17 1 1
github.com/daveshanley/vacuum/parser/json_schema.go:102.17,106.8 1 1
github.com/daveshanley/vacuum/parser/json_schema.go:107.29,108.19 1 1
github.com/daveshanley/vacuum/parser/json_schema.go:108.19,112.8 1 1
github.com/daveshanley/vacuum/parser/json_schema.go:113.30,114.18 1 1
github.com/daveshanley/vacuum/parser/json_schema.go:114.18,118.8 1 1
github.com/daveshanley/vacuum/parser/json_schema.go:121.5,121.20 1 1
github.com/daveshanley/vacuum/parser/json_schema.go:124.10,125.31 1 1
github.com/daveshanley/vacuum/parser/json_schema.go:125.31,127.6 1 1
github.com/daveshanley/vacuum/parser/json_schema.go:131.2,131.17 1 1
github.com/daveshanley/vacuum/parser/json_schema.go:134.94,137.16 3 0
github.com/daveshanley/vacuum/parser/json_schema.go:137.16,139.3 1 0
github.com/daveshanley/vacuum/parser/json_schema.go:140.2,140.58 1 0
github.com/daveshanley/vacuum/parser/json_schema.go:143.99,146.18 3 1
github.com/daveshanley/vacuum/parser/json_schema.go:146.18,148.3 1 0
github.com/daveshanley/vacuum/parser/json_schema.go:149.2,150.19 2 1
github.com/daveshanley/vacuum/parser/json_schema.go:150.19,152.3 1 0
github.com/daveshanley/vacuum/parser/json_schema.go:153.2,154.21 2 1
github.com/daveshanley/vacuum/parser/json_schema.go:159.72,164.12 3 0
github.com/daveshanley/vacuum/parser/json_schema.go:164.12,168.31 4 0
github.com/daveshanley/vacuum/parser/json_schema.go:168.31,170.4 1 0
github.com/daveshanley/vacuum/parser/json_schema.go:171.3,174.17 3 0
github.com/daveshanley/vacuum/parser/json_schema.go:174.17,176.4 1 0
github.com/daveshanley/vacuum/parser/json_schema.go:177.3,177.20 1 0
github.com/daveshanley/vacuum/parser/json_schema.go:180.2,181.9 2 0
github.com/daveshanley/vacuum/parser/json_schema.go:182.24,183.18 1 0
github.com/daveshanley/vacuum/parser/json_schema.go:184.26,187.22 3 0
github.com/daveshanley/vacuum/parser/json_schema.go:188.44,189.93 1 0
github.com/daveshanley/vacuum/parser/json_schema.go:194.132,199.14 3 1
github.com/daveshanley/vacuum/parser/json_schema.go:199.14,201.3 1 1
github.com/daveshanley/vacuum/parser/json_schema.go:201.8,202.31 1 0
github.com/daveshanley/vacuum/parser/json_schema.go:202.31,204.4 1 0
github.com/daveshanley/vacuum/parser/json_schema.go:204.9,206.4 1 0
github.com/daveshanley/vacuum/parser/json_schema.go:208.2,208.14 1 1
github.com/daveshanley/vacuum/parser/json_schema.go:208.14,210.3 1 0
github.com/daveshanley/vacuum/parser/json_schema.go:213.2,214.16 2 1
github.com/daveshanley/vacuum/parser/json_schema.go:214.16,216.3 1 0
github.com/daveshanley/vacuum/parser/json_schema.go:218.2,222.56 4 1
github.com/daveshanley/vacuum/functions/core/alphabetical.go:22.60,34.2 1 1
github.com/daveshanley/vacuum/functions/core/alphabetical.go:37.113,39.21 2 1
github.com/daveshanley/vacuum/functions/core/alphabetical.go:39.21,41.3 1 0
github.com/daveshanley/vacuum/functions/core/alphabetical.go:43.2,47.28 3 1
github.com/daveshanley/vacuum/functions/core/alphabetical.go:47.28,49.3 1 1
github.com/daveshanley/vacuum/functions/core/alphabetical.go:51.2,51.29 1 1
github.com/daveshanley/vacuum/functions/core/alphabetical.go:51.29,53.45 2 1
github.com/daveshanley/vacuum/functions/core/alphabetical.go:53.45,55.4 1 1
github.com/daveshanley/vacuum/functions/core/alphabetical.go:57.3,57.28 1 1
github.com/daveshanley/vacuum/functions/core/alphabetical.go:57.28,59.21 1 1
github.com/daveshanley/vacuum/functions/core/alphabetical.go:59.21,68.13 2 1
github.com/daveshanley/vacuum/functions/core/alphabetical.go:71.4,74.12 4 1
github.com/daveshanley/vacuum/functions/core/alphabetical.go:77.3,77.30 1 1
github.com/daveshanley/vacuum/functions/core/alphabetical.go:77.30,78.28 1 1
github.com/daveshanley/vacuum/functions/core/alphabetical.go:78.28,79.35 1 1
github.com/daveshanley/vacuum/functions/core/alphabetical.go:79.35,82.6 2 1
github.com/daveshanley/vacuum/functions/core/alphabetical.go:84.5,84.35 1 1
github.com/daveshanley/vacuum/functions/core/alphabetical.go:84.35,87.6 2 1
github.com/daveshanley/vacuum/functions/core/alphabetical.go:89.5,89.32 1 1
github.com/daveshanley/vacuum/functions/core/alphabetical.go:89.32,92.6 2 0
github.com/daveshanley/vacuum/functions/core/alphabetical.go:93.5,93.77 1 1
github.com/daveshanley/vacuum/functions/core/alphabetical.go:96.4,96.12 1 1
github.com/daveshanley/vacuum/functions/core/alphabetical.go:103.2,103.16 1 1
github.com/daveshanley/vacuum/functions/core/alphabetical.go:106.111,108.33 2 1
github.com/daveshanley/vacuum/functions/core/alphabetical.go:108.33,110.25 1 1
github.com/daveshanley/vacuum/functions/core/alphabetical.go:110.25,111.24 1 1
github.com/daveshanley/vacuum/functions/core/alphabetical.go:111.24,113.34 1 1
github.com/daveshanley/vacuum/functions/core/alphabetical.go:113.34,116.65 1 1
github.com/daveshanley/vacuum/functions/core/alphabetical.go:116.65,118.7 1 1
github.com/daveshanley/vacuum/functions/core/alphabetical.go:123.2,123.23 1 1
github.com/daveshanley/vacuum/functions/core/alphabetical.go:126.57,127.32 1 1
github.com/daveshanley/vacuum/functions/core/alphabetical.go:127.32,128.16 1 1
github.com/daveshanley/vacuum/functions/core/alphabetical.go:129.17,130.16 1 1
github.com/daveshanley/vacuum/functions/core/alphabetical.go:133.2,133.13 1 1
github.com/daveshanley/vacuum/functions/core/alphabetical.go:136.63,137.27 1 1
github.com/daveshanley/vacuum/functions/core/alphabetical.go:137.27,139.3 1 0
github.com/daveshanley/vacuum/functions/core/alphabetical.go:140.2,140.38 1 1
github.com/daveshanley/vacuum/functions/core/alphabetical.go:143.63,144.27 1 1
github.com/daveshanley/vacuum/functions/core/alphabetical.go:144.27,146.3 1 0
github.com/daveshanley/vacuum/functions/core/alphabetical.go:147.2,147.73 1 1
github.com/daveshanley/vacuum/functions/core/alphabetical.go:150.60,151.27 1 1
github.com/daveshanley/vacuum/functions/core/alphabetical.go:151.27,153.3 1 0
github.com/daveshanley/vacuum/functions/core/alphabetical.go:154.2,154.38 1 1
github.com/daveshanley/vacuum/functions/core/alphabetical.go:157.126,159.32 2 1
github.com/daveshanley/vacuum/functions/core/alphabetical.go:159.32,160.23 1 1
github.com/daveshanley/vacuum/functions/core/alphabetical.go:160.23,162.4 1 1
github.com/daveshanley/vacuum/functions/core/alphabetical.go:164.2,164.35 1 1
github.com/daveshanley/vacuum/functions/core/alphabetical.go:164.35,166.3 1 1
github.com/daveshanley/vacuum/functions/core/alphabetical.go:167.2,167.44 1 1
github.com/daveshanley/vacuum/functions/core/alphabetical.go:170.104,172.35 2 1
github.com/daveshanley/vacuum/functions/core/alphabetical.go:172.35,173.24 1 1
github.com/daveshanley/vacuum/functions/core/alphabetical.go:173.24,175.13 2 1
github.com/daveshanley/vacuum/functions/core/alphabetical.go:175.13,181.5 1 1
github.com/daveshanley/vacuum/functions/core/alphabetical.go:184.2,184.16 1 1
github.com/daveshanley/vacuum/functions/core/alphabetical.go:187.126,192.32 4 1
github.com/daveshanley/vacuum/functions/core/alphabetical.go:192.32,193.23 1 1
github.com/daveshanley/vacuum/functions/core/alphabetical.go:193.23,196.4 2 1
github.com/daveshanley/vacuum/functions/core/alphabetical.go:197.3,197.25 1 1
github.com/daveshanley/vacuum/functions/core/alphabetical.go:197.25,200.4 2 1
github.com/daveshanley/vacuum/functions/core/alphabetical.go:203.2,205.25 2 1
github.com/daveshanley/vacuum/functions/core/alphabetical.go:205.25,206.42 1 1
github.com/daveshanley/vacuum/functions/core/alphabetical.go:206.42,208.4 1 1
github.com/daveshanley/vacuum/functions/core/alphabetical.go:211.2,211.23 1 1
github.com/daveshanley/vacuum/functions/core/alphabetical.go:211.23,212.36 1 1
github.com/daveshanley/vacuum/functions/core/alphabetical.go:212.36,214.4 1 1
github.com/daveshanley/vacuum/functions/core/alphabetical.go:217.2,217.16 1 1
github.com/daveshanley/vacuum/functions/core/alphabetical.go:220.133,222.29 2 1
github.com/daveshanley/vacuum/functions/core/alphabetical.go:222.29,223.47 1 1
github.com/daveshanley/vacuum/functions/core/alphabetical.go:223.47,227.4 1 1
github.com/daveshanley/vacuum/functions/core/alphabetical.go:229.2,229.16 1 1
github.com/daveshanley/vacuum/functions/core/alphabetical.go:232.141,234.31 2 1
github.com/daveshanley/vacuum/functions/core/alphabetical.go:234.31,235.51 1 1
github.com/daveshanley/vacuum/functions/core/alphabetical.go:235.51,239.4 1 1
github.com/daveshanley/vacuum/functions/core/alphabetical.go:241.2,241.16 1 1
github.com/daveshanley/vacuum/functions/core/blank.go:14.53,18.2 1 1
github.com/daveshanley/vacuum/functions/core/blank.go:21.106,25.2 1 1
github.com/daveshanley/vacuum/functions/core/casing.go:44.54,70.2 1 1
github.com/daveshanley/vacuum/functions/core/casing.go:73.107,75.21 1 1
github.com/daveshanley/vacuum/functions/core/casing.go:75.21,77.3 1 0
github.com/daveshanley/vacuum/functions/core/casing.go:79.2,83.25 3 1
github.com/daveshanley/vacuum/functions/core/casing.go:83.25,85.3 1 0
github.com/daveshanley/vacuum/functions/core/casing.go:86.2,89.35 2 1
github.com/daveshanley/vacuum/functions/core/casing.go:89.35,91.3 1 1
github.com/daveshanley/vacuum/functions/core/casing.go:93.2,93.35 1 1
github.com/daveshanley/vacuum/functions/core/casing.go:93.35,95.3 1 1
github.com/daveshanley/vacuum/functions/core/casing.go:97.2,97.43 1 1
github.com/daveshanley/vacuum/functions/core/casing.go:97.43,99.3 1 1
github.com/daveshanley/vacuum/functions/core/casing.go:103.2,106.37 1 1
github.com/daveshanley/vacuum/functions/core/casing.go:106.37,108.3 1 0
github.com/daveshanley/vacuum/functions/core/casing.go:110.2,113.17 3 1
github.com/daveshanley/vacuum/functions/core/casing.go:113.17,115.3 1 1
github.com/daveshanley/vacuum/functions/core/casing.go:117.2,117.20 1 1
github.com/daveshanley/vacuum/functions/core/casing.go:118.13,119.20 1 1
github.com/daveshanley/vacuum/functions/core/casing.go:120.14,121.21 1 1
github.com/daveshanley/vacuum/functions/core/casing.go:122.13,123.20 1 1
github.com/daveshanley/vacuum/functions/core/casing.go:124.13,125.20 1 1
github.com/daveshanley/vacuum/functions/core/casing.go:126.13,127.20 1 1
github.com/daveshanley/vacuum/functions/core/casing.go:128.13,129.20 1 1
github.com/daveshanley/vacuum/functions/core/casing.go:130.12,131.19 1 0
github.com/daveshanley/vacuum/functions/core/casing.go:134.2,135.44 2 1
github.com/daveshanley/vacuum/functions/core/casing.go:135.44,137.3 1 1
github.com/daveshanley/vacuum/functions/core/casing.go:139.2,139.27 1 1
github.com/daveshanley/vacuum/functions/core/casing.go:139.27,141.38 2 1
github.com/daveshanley/vacuum/functions/core/casing.go:141.38,149.4 1 1
github.com/daveshanley/vacuum/functions/core/casing.go:150.8,156.30 5 1
github.com/daveshanley/vacuum/functions/core/casing.go:156.30,158.4 1 1
github.com/daveshanley/vacuum/functions/core/casing.go:158.9,160.4 1 1
github.com/daveshanley/vacuum/functions/core/casing.go:162.3,163.38 2 1
github.com/daveshanley/vacuum/functions/core/casing.go:163.38,172.4 1 1
github.com/daveshanley/vacuum/functions/core/casing.go:175.2,175.16 1 1
github.com/daveshanley/vacuum/functions/core/casing.go:178.39,181.20 2 1
github.com/daveshanley/vacuum/functions/core/casing.go:181.20,183.3 1 1
github.com/daveshanley/vacuum/functions/core/casing.go:185.2,192.19 8 1
github.com/daveshanley/vacuum/functions/core/defined.go:18.55,23.2 1 1
github.com/daveshanley/vacuum/functions/core/defined.go:26.108,28.21 1 1
github.com/daveshanley/vacuum/functions/core/defined.go:28.21,30.3 1 1
github.com/daveshanley/vacuum/functions/core/defined.go:32.2,35.44 3 1
github.com/daveshanley/vacuum/functions/core/defined.go:35.44,37.3 1 1
github.com/daveshanley/vacuum/functions/core/defined.go:39.2,39.29 1 1
github.com/daveshanley/vacuum/functions/core/defined.go:39.29,41.23 2 1
github.com/daveshanley/vacuum/functions/core/defined.go:41.23,49.4 1 1
github.com/daveshanley/vacuum/functions/core/defined.go:52.2,52.16 1 1
github.com/daveshanley/vacuum/functions/core/enumeration.go:18.59,32.2 1 1
github.com/daveshanley/vacuum/functions/core/enumeration.go:35.112,37.21 1 1
github.com/daveshanley/vacuum/functions/core/enumeration.go:37.21,39.3 1 1
github.com/daveshanley/vacuum/functions/core/enumeration.go:41.2,46.27 4 1
github.com/daveshanley/vacuum/functions/core/enumeration.go:46.27,48.3 1 1
github.com/daveshanley/vacuum/functions/core/enumeration.go:49.2,52.44 3 1
github.com/daveshanley/vacuum/functions/core/enumeration.go:52.44,54.3 1 1
github.com/daveshanley/vacuum/functions/core/enumeration.go:56.2,56.29 1 1
github.com/daveshanley/vacuum/functions/core/enumeration.go:56.29,57.60 1 1
github.com/daveshanley/vacuum/functions/core/enumeration.go:57.60,66.4 1 1
github.com/daveshanley/vacuum/functions/core/enumeration.go:68.2,68.16 1 1
github.com/daveshanley/vacuum/functions/core/enumeration.go:71.90,73.39 2 1
github.com/daveshanley/vacuum/functions/core/enumeration.go:73.39,74.66 1 1
github.com/daveshanley/vacuum/functions/core/enumeration.go:74.66,76.9 2 1
github.com/daveshanley/vacuum/functions/core/enumeration.go:79.2,79.14 1 1
github.com/daveshanley/vacuum/functions/core/falsy.go:18.53,22.2 1 0
github.com/daveshanley/vacuum/functions/core/falsy.go:25.106,27.21 1 1
github.com/daveshanley/vacuum/functions/core/falsy.go:27.21,29.3 1 1
github.com/daveshanley/vacuum/functions/core/falsy.go:31.2,34.44 3 1
github.com/daveshanley/vacuum/functions/core/falsy.go:34.44,36.3 1 1
github.com/daveshanley/vacuum/functions/core/falsy.go:38.2,38.29 1 1
github.com/daveshanley/vacuum/functions/core/falsy.go:38.29,42.99 2 1
github.com/daveshanley/vacuum/functions/core/falsy.go:42.99,50.4 1 1
github.com/daveshanley/vacuum/functions/core/falsy.go:53.2,53.16 1 1
github.com/daveshanley/vacuum/functions/core/length.go:19.54,36.2 1 1
github.com/daveshanley/vacuum/functions/core/length.go:39.107,41.21 2 1
github.com/daveshanley/vacuum/functions/core/length.go:41.21,43.3 1 1
github.com/daveshanley/vacuum/functions/core/length.go:45.2,49.28 3 1
github.com/daveshanley/vacuum/functions/core/length.go:49.28,51.3 1 1
github.com/daveshanley/vacuum/functions/core/length.go:52.2,52.79 1 1
github.com/daveshanley/vacuum/functions/core/length.go:52.79,53.31 1 1
github.com/daveshanley/vacuum/functions/core/length.go:53.31,55.4 1 1
github.com/daveshanley/vacuum/functions/core/length.go:56.3,56.31 1 1
github.com/daveshanley/vacuum/functions/core/length.go:56.31,58.4 1 1
github.com/daveshanley/vacuum/functions/core/length.go:61.2,61.26 1 1
github.com/daveshanley/vacuum/functions/core/length.go:61.26,63.3 1 1
github.com/daveshanley/vacuum/functions/core/length.go:66.2,66.29 1 1
github.com/daveshanley/vacuum/functions/core/length.go:66.29,71.37 2 1
github.com/daveshanley/vacuum/functions/core/length.go:71.37,75.16 2 1
github.com/daveshanley/vacuum/functions/core/length.go:75.16,77.5 1 1
github.com/daveshanley/vacuum/functions/core/length.go:78.9,80.16 1 1
github.com/daveshanley/vacuum/functions/core/length.go:80.16,82.5 1 1
github.com/daveshanley/vacuum/functions/core/length.go:85.3,85.15 1 1
github.com/daveshanley/vacuum/functions/core/length.go:85.15,86.12 1 1
github.com/daveshanley/vacuum/functions/core/length.go:89.3,90.45 2 1
github.com/daveshanley/vacuum/functions/core/length.go:90.45,92.4 1 1
github.com/daveshanley/vacuum/functions/core/length.go:95.3,95.89 1 1
github.com/daveshanley/vacuum/functions/core/length.go:95.89,98.34 2 1
github.com/daveshanley/vacuum/functions/core/length.go:98.34,100.5 1 1
github.com/daveshanley/vacuum/functions/core/length.go:101.4,101.31 1 1
github.com/daveshanley/vacuum/functions/core/length.go:101.31,103.5 1 1
github.com/daveshanley/vacuum/functions/core/length.go:107.4,107.33 1 1
github.com/daveshanley/vacuum/functions/core/length.go:107.33,109.50 2 1
github.com/daveshanley/vacuum/functions/core/length.go:109.50,116.14 7 1
github.com/daveshanley/vacuum/functions/core/length.go:118.5,118.50 1 1
github.com/daveshanley/vacuum/functions/core/length.go:118.50,125.14 7 1
github.com/daveshanley/vacuum/functions/core/length.go:129.4,129.35 1 1
github.com/daveshanley/vacuum/functions/core/length.go:129.35,136.13 7 1
github.com/daveshanley/vacuum/functions/core/length.go:138.4,138.35 1 1
github.com/daveshanley/vacuum/functions/core/length.go:138.35,145.13 7 1
github.com/daveshanley/vacuum/functions/core/length.go:147.9,151.26 2 1
github.com/daveshanley/vacuum/functions/core/length.go:151.26,154.5 1 1
github.com/daveshanley/vacuum/functions/core/length.go:156.4,156.28 1 1
github.com/daveshanley/vacuum/functions/core/length.go:156.28,158.5 1 1
github.com/daveshanley/vacuum/functions/core/length.go:161.4,161.34 1 1
github.com/daveshanley/vacuum/functions/core/length.go:161.34,163.39 2 1
github.com/daveshanley/vacuum/functions/core/length.go:163.39,165.6 1 1
github.com/daveshanley/vacuum/functions/core/length.go:165.11,167.6 1 1
github.com/daveshanley/vacuum/functions/core/length.go:168.5,175.13 8 1
github.com/daveshanley/vacuum/functions/core/length.go:178.4,178.34 1 1
github.com/daveshanley/vacuum/functions/core/length.go:178.34,180.39 2 1
github.com/daveshanley/vacuum/functions/core/length.go:180.39,182.6 1 1
github.com/daveshanley/vacuum/functions/core/length.go:182.11,184.6 1 1
github.com/daveshanley/vacuum/functions/core/length.go:185.5,192.13 7 1
github.com/daveshanley/vacuum/functions/core/length.go:198.2,198.16 1 1
github.com/daveshanley/vacuum/functions/core/length.go:201.75,203.2 1 1
github.com/daveshanley/vacuum/functions/core/length.go:205.75,207.2 1 1
github.com/daveshanley/vacuum/functions/core/pattern.go:22.55,39.2 1 1
github.com/daveshanley/vacuum/functions/core/pattern.go:42.108,47.26 2 1
github.com/daveshanley/vacuum/functions/core/pattern.go:47.26,49.3 1 1
github.com/daveshanley/vacuum/functions/core/pattern.go:51.2,51.29 1 1
github.com/daveshanley/vacuum/functions/core/pattern.go:51.29,53.3 1 1
github.com/daveshanley/vacuum/functions/core/pattern.go:56.2,56.39 1 1
github.com/daveshanley/vacuum/functions/core/pattern.go:56.39,58.3 1 1
github.com/daveshanley/vacuum/functions/core/pattern.go:60.2,62.27 2 1
github.com/daveshanley/vacuum/functions/core/pattern.go:62.27,64.3 1 1
github.com/daveshanley/vacuum/functions/core/pattern.go:66.2,67.44 2 1
github.com/daveshanley/vacuum/functions/core/pattern.go:67.44,69.3 1 1
github.com/daveshanley/vacuum/functions/core/pattern.go:72.2,72.50 1 1
github.com/daveshanley/vacuum/functions/core/pattern.go:72.50,74.3 1 1
github.com/daveshanley/vacuum/functions/core/pattern.go:76.2,77.29 2 1
github.com/daveshanley/vacuum/functions/core/pattern.go:77.29,78.28 1 1
github.com/daveshanley/vacuum/functions/core/pattern.go:78.28,79.12 1 1
github.com/daveshanley/vacuum/functions/core/pattern.go:81.3,81.15 1 1
github.com/daveshanley/vacuum/functions/core/pattern.go:81.15,84.38 2 1
github.com/daveshanley/vacuum/functions/core/pattern.go:84.38,85.13 1 1
github.com/daveshanley/vacuum/functions/core/pattern.go:89.3,89.81 1 1
github.com/daveshanley/vacuum/functions/core/pattern.go:89.81,90.12 1 0
github.com/daveshanley/vacuum/functions/core/pattern.go:92.3,92.20 1 1
github.com/daveshanley/vacuum/functions/core/pattern.go:92.20,95.18 3 1
github.com/daveshanley/vacuum/functions/core/pattern.go:95.18,104.5 1 1
github.com/daveshanley/vacuum/functions/core/pattern.go:104.10,105.36 1 1
github.com/daveshanley/vacuum/functions/core/pattern.go:105.36,114.6 1 1
github.com/daveshanley/vacuum/functions/core/pattern.go:119.3,119.23 1 1
github.com/daveshanley/vacuum/functions/core/pattern.go:119.23,122.18 3 1
github.com/daveshanley/vacuum/functions/core/pattern.go:122.18,131.5 1 1
github.com/daveshanley/vacuum/functions/core/pattern.go:131.10,132.35 1 1
github.com/daveshanley/vacuum/functions/core/pattern.go:132.35,140.6 1 1
github.com/daveshanley/vacuum/functions/core/pattern.go:144.2,144.16 1 1
github.com/daveshanley/vacuum/functions/core/pattern.go:147.96,148.44 1 1
github.com/daveshanley/vacuum/functions/core/pattern.go:148.44,150.3 1 0
github.com/daveshanley/vacuum/functions/core/pattern.go:151.2,155.36 3 1
github.com/daveshanley/vacuum/functions/core/pattern.go:155.36,157.3 1 0
github.com/daveshanley/vacuum/functions/core/pattern.go:157.8,159.17 2 1
github.com/daveshanley/vacuum/functions/core/pattern.go:159.17,161.4 1 1
github.com/daveshanley/vacuum/functions/core/pattern.go:163.2,164.16 2 1
github.com/daveshanley/vacuum/functions/core/schema.go:23.56,27.2 1 1
github.com/daveshanley/vacuum/functions/core/schema.go:30.109,32.21 1 1
github.com/daveshanley/vacuum/functions/core/schema.go:32.21,34.3 1 1
github.com/daveshanley/vacuum/functions/core/schema.go:36.2,37.32 2 1
github.com/daveshanley/vacuum/functions/core/schema.go:37.32,39.3 1 0
github.com/daveshanley/vacuum/functions/core/schema.go:41.2,46.44 5 1
github.com/daveshanley/vacuum/functions/core/schema.go:46.44,55.17 4 0
github.com/daveshanley/vacuum/functions/core/schema.go:55.17,60.4 4 0
github.com/daveshanley/vacuum/functions/core/schema.go:63.3,64.17 2 0
github.com/daveshanley/vacuum/functions/core/schema.go:64.17,69.4 4 0
github.com/daveshanley/vacuum/functions/core/schema.go:72.3,73.17 2 0
github.com/daveshanley/vacuum/functions/core/schema.go:73.17,78.4 4 0
github.com/daveshanley/vacuum/functions/core/schema.go:81.3,81.42 1 0
github.com/daveshanley/vacuum/functions/core/schema.go:84.2,84.29 1 1
github.com/daveshanley/vacuum/functions/core/schema.go:84.29,85.33 1 1
github.com/daveshanley/vacuum/functions/core/schema.go:85.33,86.12 1 0
github.com/daveshanley/vacuum/functions/core/schema.go:90.3,91.37 2 1
github.com/daveshanley/vacuum/functions/core/schema.go:91.37,93.4 1 0
github.com/daveshanley/vacuum/functions/core/schema.go:93.9,95.4 1 1
github.com/daveshanley/vacuum/functions/core/schema.go:97.3,98.19 2 1
github.com/daveshanley/vacuum/functions/core/schema.go:98.19,101.4 1 1
github.com/daveshanley/vacuum/functions/core/schema.go:101.9,104.43 2 1
github.com/daveshanley/vacuum/functions/core/schema.go:104.43,111.44 5 1
github.com/daveshanley/vacuum/functions/core/schema.go:111.44,113.6 1 1
github.com/daveshanley/vacuum/functions/core/schema.go:114.5,114.33 1 1
github.com/daveshanley/vacuum/functions/core/schema.go:118.2,118.16 1 1
github.com/daveshanley/vacuum/functions/core/schema.go:122.71,129.9 3 1
github.com/daveshanley/vacuum/functions/core/schema.go:129.9,131.3 1 0
github.com/daveshanley/vacuum/functions/core/schema.go:133.2,134.27 2 1
github.com/daveshanley/vacuum/functions/core/schema.go:134.27,136.3 1 1
github.com/daveshanley/vacuum/functions/core/schema.go:138.2,138.30 1 1
github.com/daveshanley/vacuum/functions/core/schema.go:138.30,145.42 5 1
github.com/daveshanley/vacuum/functions/core/schema.go:145.42,147.4 1 1
github.com/daveshanley/vacuum/functions/core/schema.go:148.3,148.31 1 1
github.com/daveshanley/vacuum/functions/core/schema.go:150.2,150.16 1 1
github.com/daveshanley/vacuum/functions/core/truthy.go:18.54,22.2 1 1
github.com/daveshanley/vacuum/functions/core/truthy.go:25.108,27.21 1 1
github.com/daveshanley/vacuum/functions/core/truthy.go:27.21,29.3 1 1
github.com/daveshanley/vacuum/functions/core/truthy.go:31.2,33.44 3 1
github.com/daveshanley/vacuum/functions/core/truthy.go:33.44,35.3 1 1
github.com/daveshanley/vacuum/functions/core/truthy.go:37.2,38.52 2 1
github.com/daveshanley/vacuum/functions/core/truthy.go:38.52,41.3 2 1
github.com/daveshanley/vacuum/functions/core/truthy.go:43.2,43.29 1 1
github.com/daveshanley/vacuum/functions/core/truthy.go:43.29,47.62 2 1
github.com/daveshanley/vacuum/functions/core/truthy.go:47.62,49.15 1 1
github.com/daveshanley/vacuum/functions/core/truthy.go:49.15,51.5 1 1
github.com/daveshanley/vacuum/functions/core/truthy.go:53.4,53.73 1 1
github.com/daveshanley/vacuum/functions/core/truthy.go:53.73,55.30 2 1
github.com/daveshanley/vacuum/functions/core/truthy.go:55.30,57.6 1 1
github.com/daveshanley/vacuum/functions/core/truthy.go:57.11,59.6 1 1
github.com/daveshanley/vacuum/functions/core/truthy.go:60.5,66.7 1 1
github.com/daveshanley/vacuum/functions/core/truthy.go:72.2,72.16 1 1
github.com/daveshanley/vacuum/functions/core/undefined.go:18.57,22.2 1 1
github.com/daveshanley/vacuum/functions/core/undefined.go:25.110,27.21 1 1
github.com/daveshanley/vacuum/functions/core/undefined.go:27.21,29.3 1 1
github.com/daveshanley/vacuum/functions/core/undefined.go:31.2,34.44 3 1
github.com/daveshanley/vacuum/functions/core/undefined.go:34.44,36.3 1 1
github.com/daveshanley/vacuum/functions/core/undefined.go:38.2,38.29 1 1
github.com/daveshanley/vacuum/functions/core/undefined.go:38.29,41.23 2 1
github.com/daveshanley/vacuum/functions/core/undefined.go:41.23,51.4 1 1
github.com/daveshanley/vacuum/functions/core/undefined.go:54.2,54.16 1 1
github.com/daveshanley/vacuum/functions/core/xor.go:19.51,34.2 1 1
github.com/daveshanley/vacuum/functions/core/xor.go:37.104,39.21 1 1
github.com/daveshanley/vacuum/functions/core/xor.go:39.21,41.3 1 1
github.com/daveshanley/vacuum/functions/core/xor.go:44.2,47.21 3 1
github.com/daveshanley/vacuum/functions/core/xor.go:47.21,49.3 1 1
github.com/daveshanley/vacuum/functions/core/xor.go:49.8,51.3 1 1
github.com/daveshanley/vacuum/functions/core/xor.go:53.2,53.26 1 1
github.com/daveshanley/vacuum/functions/core/xor.go:53.26,55.3 1 1
github.com/daveshanley/vacuum/functions/core/xor.go:57.2,58.44 2 1
github.com/daveshanley/vacuum/functions/core/xor.go:58.44,60.3 1 1
github.com/daveshanley/vacuum/functions/core/xor.go:62.2,64.29 3 1
github.com/daveshanley/vacuum/functions/core/xor.go:64.29,67.32 1 1
github.com/daveshanley/vacuum/functions/core/xor.go:67.32,70.67 2 1
github.com/daveshanley/vacuum/functions/core/xor.go:70.67,72.5 1 1
github.com/daveshanley/vacuum/functions/core/xor.go:75.3,75.21 1 1
github.com/daveshanley/vacuum/functions/core/xor.go:75.21,84.4 1 1
github.com/daveshanley/vacuum/functions/core/xor.go:87.2,87.16 1 1
github.com/daveshanley/vacuum/vacuum-report/junit.go:46.75,65.27 6 1
github.com/daveshanley/vacuum/vacuum-report/junit.go:65.27,71.37 4 1
github.com/daveshanley/vacuum/vacuum-report/junit.go:71.37,74.87 3 1
github.com/daveshanley/vacuum/vacuum-report/junit.go:74.87,76.5 1 1
github.com/daveshanley/vacuum/vacuum-report/junit.go:77.4,86.6 1 1
github.com/daveshanley/vacuum/vacuum-report/junit.go:89.3,89.18 1 1
github.com/daveshanley/vacuum/vacuum-report/junit.go:89.18,99.4 2 1
github.com/daveshanley/vacuum/vacuum-report/junit.go:102.2,103.10 2 1
github.com/daveshanley/vacuum/vacuum-report/vacuum_report.go:30.80,32.16 2 1
github.com/daveshanley/vacuum/vacuum-report/vacuum_report.go:32.16,34.3 1 1
github.com/daveshanley/vacuum/vacuum-report/vacuum_report.go:35.2,36.16 2 1
github.com/daveshanley/vacuum/vacuum-report/vacuum_report.go:36.16,38.3 1 1
github.com/daveshanley/vacuum/vacuum-report/vacuum_report.go:40.2,40.15 1 1
github.com/daveshanley/vacuum/vacuum-report/vacuum_report.go:40.15,42.3 1 0
github.com/daveshanley/vacuum/vacuum-report/vacuum_report.go:47.2,50.98 4 1
github.com/daveshanley/vacuum/vacuum-report/vacuum_report.go:50.98,60.3 9 1
github.com/daveshanley/vacuum/vacuum-report/vacuum_report.go:62.2,63.43 2 1
github.com/daveshanley/vacuum/vacuum-report/vacuum_report.go:63.43,66.3 1 1
github.com/daveshanley/vacuum/vacuum-report/vacuum_report.go:67.2,68.23 2 1
github.com/daveshanley/vacuum/vacuum-report/vacuum_report.go:73.67,79.17 5 1
github.com/daveshanley/vacuum/vacuum-report/vacuum_report.go:79.17,81.58 1 1
github.com/daveshanley/vacuum/vacuum-report/vacuum_report.go:81.58,83.4 1 1
github.com/daveshanley/vacuum/vacuum-report/vacuum_report.go:85.8,89.18 2 1
github.com/daveshanley/vacuum/vacuum-report/vacuum_report.go:89.18,91.4 1 0
github.com/daveshanley/vacuum/vacuum-report/vacuum_report.go:92.3,92.66 1 1
github.com/daveshanley/vacuum/vacuum-report/vacuum_report.go:92.66,94.4 1 1
github.com/daveshanley/vacuum/vacuum-report/vacuum_report.go:97.2,97.25 1 1
github.com/daveshanley/vacuum/vacuum-report/vacuum_report.go:97.25,99.3 1 0
github.com/daveshanley/vacuum/vacuum-report/vacuum_report.go:100.2,100.17 1 1
github.com/daveshanley/vacuum/model/results.go:32.45,32.75 1 1
github.com/daveshanley/vacuum/model/results.go:35.55,37.2 1 1
github.com/daveshanley/vacuum/model/results.go:40.50,42.2 1 1
github.com/daveshanley/vacuum/model/results.go:46.68,49.30 2 1
github.com/daveshanley/vacuum/model/results.go:49.30,53.3 2 1
github.com/daveshanley/vacuum/model/results.go:54.2,61.12 5 1
github.com/daveshanley/vacuum/model/results.go:66.76,69.30 2 0
github.com/daveshanley/vacuum/model/results.go:69.30,73.3 2 0
github.com/daveshanley/vacuum/model/results.go:74.2,77.3 1 0
github.com/daveshanley/vacuum/model/results.go:81.89,84.36 2 1
github.com/daveshanley/vacuum/model/results.go:84.36,87.31 2 1
github.com/daveshanley/vacuum/model/results.go:88.22,89.11 1 1
github.com/daveshanley/vacuum/model/results.go:90.21,91.11 1 1
github.com/daveshanley/vacuum/model/results.go:92.21,93.11 1 1
github.com/daveshanley/vacuum/model/results.go:96.3,108.33 4 1
github.com/daveshanley/vacuum/model/results.go:108.33,109.20 1 1
github.com/daveshanley/vacuum/model/results.go:109.20,111.5 1 1
github.com/daveshanley/vacuum/model/results.go:114.3,121.5 1 1
github.com/daveshanley/vacuum/model/results.go:123.2,123.15 1 1
github.com/daveshanley/vacuum/model/results.go:127.46,128.23 1 1
github.com/daveshanley/vacuum/model/results.go:128.23,130.3 1 1
github.com/daveshanley/vacuum/model/results.go:130.8,133.3 2 1
github.com/daveshanley/vacuum/model/results.go:137.45,138.22 1 1
github.com/daveshanley/vacuum/model/results.go:138.22,140.3 1 1
github.com/daveshanley/vacuum/model/results.go:140.8,143.3 2 1
github.com/daveshanley/vacuum/model/results.go:147.45,148.22 1 1
github.com/daveshanley/vacuum/model/results.go:148.22,150.3 1 1
github.com/daveshanley/vacuum/model/results.go:150.8,153.3 2 1
github.com/daveshanley/vacuum/model/results.go:157.90,160.88 1 1
github.com/daveshanley/vacuum/model/results.go:160.88,162.3 1 1
github.com/daveshanley/vacuum/model/results.go:164.2,165.36 2 1
github.com/daveshanley/vacuum/model/results.go:165.36,166.60 1 1
github.com/daveshanley/vacuum/model/results.go:166.60,169.31 1 1
github.com/daveshanley/vacuum/model/results.go:169.31,171.13 2 1
github.com/daveshanley/vacuum/model/results.go:174.4,174.47 1 1
github.com/daveshanley/vacuum/model/results.go:174.47,176.5 1 1
github.com/daveshanley/vacuum/model/results.go:179.2,179.57 1 1
github.com/daveshanley/vacuum/model/results.go:179.57,181.3 1 1
github.com/daveshanley/vacuum/model/results.go:182.2,182.16 1 1
github.com/daveshanley/vacuum/model/results.go:186.89,189.30 3 1
github.com/daveshanley/vacuum/model/results.go:189.30,190.28 1 1
github.com/daveshanley/vacuum/model/results.go:191.22,192.36 1 1
github.com/daveshanley/vacuum/model/results.go:195.2,195.17 1 1
github.com/daveshanley/vacuum/model/results.go:199.91,202.30 3 1
github.com/daveshanley/vacuum/model/results.go:202.30,203.28 1 1
github.com/daveshanley/vacuum/model/results.go:204.21,205.36 1 1
github.com/daveshanley/vacuum/model/results.go:208.2,208.17 1 1
github.com/daveshanley/vacuum/model/results.go:212.87,215.30 3 1
github.com/daveshanley/vacuum/model/results.go:215.30,216.28 1 1
github.com/daveshanley/vacuum/model/results.go:217.21,218.36 1 1
github.com/daveshanley/vacuum/model/results.go:221.2,221.17 1 1
github.com/daveshanley/vacuum/model/results.go:225.87,228.30 3 1
github.com/daveshanley/vacuum/model/results.go:228.30,229.28 1 1
github.com/daveshanley/vacuum/model/results.go:230.21,231.36 1 1
github.com/daveshanley/vacuum/model/results.go:234.2,234.17 1 1
github.com/daveshanley/vacuum/model/results.go:239.93,241.16 2 1
github.com/daveshanley/vacuum/model/results.go:241.16,243.3 1 0
github.com/daveshanley/vacuum/model/results.go:245.2,252.33 6 1
github.com/daveshanley/vacuum/model/results.go:252.33,254.27 2 1
github.com/daveshanley/vacuum/model/results.go:254.27,261.4 4 1
github.com/daveshanley/vacuum/model/results.go:261.9,263.4 1 1
github.com/daveshanley/vacuum/model/results.go:264.3,265.26 2 1
github.com/daveshanley/vacuum/model/results.go:267.2,267.14 1 1
github.com/daveshanley/vacuum/model/results.go:273.109,275.45 2 1
github.com/daveshanley/vacuum/model/results.go:275.45,276.37 1 1
github.com/daveshanley/vacuum/model/results.go:276.37,279.4 2 1
github.com/daveshanley/vacuum/model/results.go:281.2,281.13 1 1
github.com/daveshanley/vacuum/model/results.go:284.55,286.33 2 1
github.com/daveshanley/vacuum/model/results.go:286.33,287.49 1 1
github.com/daveshanley/vacuum/model/results.go:287.49,288.37 1 1
github.com/daveshanley/vacuum/model/results.go:288.37,290.5 1 1
github.com/daveshanley/vacuum/model/results.go:293.2,293.10 1 1
github.com/daveshanley/vacuum/model/results.go:298.71,314.23 12 1
github.com/daveshanley/vacuum/model/results.go:314.23,316.3 1 1
github.com/daveshanley/vacuum/model/results.go:316.8,318.3 1 1
github.com/daveshanley/vacuum/model/results.go:320.2,320.20 1 1
github.com/daveshanley/vacuum/model/results.go:326.76,333.81 4 1
github.com/daveshanley/vacuum/model/results.go:333.81,337.30 2 1
github.com/daveshanley/vacuum/model/results.go:337.30,342.4 1 1
github.com/daveshanley/vacuum/model/results.go:343.3,343.28 1 1
github.com/daveshanley/vacuum/model/results.go:343.28,348.4 1 1
github.com/daveshanley/vacuum/model/results.go:350.3,356.12 4 1
github.com/daveshanley/vacuum/model/results.go:359.2,359.33 1 1
github.com/daveshanley/vacuum/model/results.go:359.33,361.3 1 1
github.com/daveshanley/vacuum/model/results.go:363.2,363.11 1 1
github.com/daveshanley/vacuum/model/results.go:368.74,371.2 2 1
github.com/daveshanley/vacuum/model/results.go:374.36,374.62 1 1
github.com/daveshanley/vacuum/model/results.go:377.46,378.70 1 1
github.com/daveshanley/vacuum/model/results.go:378.70,379.66 1 1
github.com/daveshanley/vacuum/model/results.go:379.66,381.4 1 1
github.com/daveshanley/vacuum/model/results.go:382.3,382.66 1 1
github.com/daveshanley/vacuum/model/results.go:382.66,384.4 1 1
github.com/daveshanley/vacuum/model/results.go:385.3,385.53 1 0
github.com/daveshanley/vacuum/model/results.go:387.2,387.14 1 0
github.com/daveshanley/vacuum/model/results.go:391.41,391.104 1 1
github.com/daveshanley/vacuum/model/rule_categories.go:9.13,78.2 10 1
github.com/daveshanley/vacuum/model/rules.go:124.44,125.20 1 1
github.com/daveshanley/vacuum/model/rules.go:126.21,127.11 1 1
github.com/daveshanley/vacuum/model/rules.go:128.20,129.11 1 1
github.com/daveshanley/vacuum/model/rules.go:130.20,131.11 1 1
github.com/daveshanley/vacuum/model/rules.go:132.20,133.11 1 1
github.com/daveshanley/vacuum/model/rules.go:135.2,135.11 1 1
github.com/daveshanley/vacuum/model/rules.go:139.74,140.38 1 1
github.com/daveshanley/vacuum/model/rules.go:140.38,141.24 1 1
github.com/daveshanley/vacuum/model/rules.go:141.24,143.4 1 1
github.com/daveshanley/vacuum/model/rules.go:145.2,145.11 1 1
github.com/daveshanley/vacuum/model/rules.go:149.31,152.2 2 1
github.com/daveshanley/vacuum/model/utils.go:25.85,29.2 1 1
github.com/daveshanley/vacuum/model/utils.go:32.106,36.2 1 0
github.com/daveshanley/vacuum/model/utils.go:39.67,43.2 1 1
github.com/daveshanley/vacuum/model/utils.go:47.116,53.61 5 1
github.com/daveshanley/vacuum/model/utils.go:53.61,55.3 1 1
github.com/daveshanley/vacuum/model/utils.go:57.2,57.56 1 1
github.com/daveshanley/vacuum/model/utils.go:57.56,59.3 1 1
github.com/daveshanley/vacuum/model/utils.go:61.2,61.65 1 1
github.com/daveshanley/vacuum/model/utils.go:61.65,65.3 2 1
github.com/daveshanley/vacuum/model/utils.go:67.2,67.65 1 1
github.com/daveshanley/vacuum/model/utils.go:67.65,71.3 2 1
github.com/daveshanley/vacuum/model/utils.go:74.2,74.56 1 1
github.com/daveshanley/vacuum/model/utils.go:74.56,76.3 1 1
github.com/daveshanley/vacuum/model/utils.go:79.2,79.30 1 1
github.com/daveshanley/vacuum/model/utils.go:79.30,81.39 2 1
github.com/daveshanley/vacuum/model/utils.go:81.39,84.63 2 1
github.com/daveshanley/vacuum/model/utils.go:84.63,85.28 1 1
github.com/daveshanley/vacuum/model/utils.go:85.28,86.18 1 1
github.com/daveshanley/vacuum/model/utils.go:86.18,88.7 1 1
github.com/daveshanley/vacuum/model/utils.go:91.4,91.58 1 1
github.com/daveshanley/vacuum/model/utils.go:91.58,92.28 1 1
github.com/daveshanley/vacuum/model/utils.go:92.28,93.18 1 1
github.com/daveshanley/vacuum/model/utils.go:93.18,95.7 1 1
github.com/daveshanley/vacuum/model/utils.go:99.4,99.14 1 1
github.com/daveshanley/vacuum/model/utils.go:99.14,101.5 1 1
github.com/daveshanley/vacuum/model/utils.go:103.3,103.28 1 1
github.com/daveshanley/vacuum/model/utils.go:103.28,105.39 2 1
github.com/daveshanley/vacuum/model/utils.go:105.39,108.5 1 1
github.com/daveshanley/vacuum/model/utils.go:112.2,112.20 1 1
github.com/daveshanley/vacuum/model/utils.go:115.76,116.28 1 1
github.com/daveshanley/vacuum/model/utils.go:116.28,117.38 1 1
github.com/daveshanley/vacuum/model/utils.go:117.38,118.40 1 1
github.com/daveshanley/vacuum/model/utils.go:118.40,121.5 2 1
github.com/daveshanley/vacuum/model/utils.go:121.10,123.5 1 1
github.com/daveshanley/vacuum/model/utils.go:125.3,125.27 1 1
github.com/daveshanley/vacuum/model/utils.go:125.27,127.4 1 1
github.com/daveshanley/vacuum/model/utils.go:128.3,128.28 1 1
github.com/daveshanley/vacuum/model/utils.go:128.28,130.4 1 1
github.com/daveshanley/vacuum/model/utils.go:131.3,131.39 1 1
github.com/daveshanley/vacuum/model/utils.go:131.39,133.4 1 1
github.com/daveshanley/vacuum/model/utils.go:135.2,135.17 1 1
github.com/daveshanley/vacuum/model/utils.go:138.68,139.28 1 1
github.com/daveshanley/vacuum/model/utils.go:139.28,140.31 1 1
github.com/daveshanley/vacuum/model/utils.go:140.31,143.4 2 1
github.com/daveshanley/vacuum/model/utils.go:143.9,145.4 1 1
github.com/daveshanley/vacuum/model/utils.go:147.2,147.17 1 1
github.com/daveshanley/vacuum/model/utils.go:152.55,153.19 1 1
github.com/daveshanley/vacuum/model/utils.go:153.19,155.3 1 1
github.com/daveshanley/vacuum/model/utils.go:156.2,156.40 1 1
github.com/daveshanley/vacuum/model/utils.go:156.40,158.3 1 1
github.com/daveshanley/vacuum/model/utils.go:159.2,159.12 1 1
github.com/daveshanley/vacuum/model/utils.go:163.126,165.33 2 1
github.com/daveshanley/vacuum/model/utils.go:165.33,170.3 4 1
github.com/daveshanley/vacuum/model/utils.go:172.2,172.15 1 1
github.com/daveshanley/vacuum/model/utils.go:178.110,180.16 2 1
github.com/daveshanley/vacuum/model/utils.go:180.16,186.3 2 1
github.com/daveshanley/vacuum/model/utils.go:187.2,187.22 1 1
github.com/daveshanley/vacuum/rulesets/ruleset_functions.go:14.45,42.2 1 1
github.com/daveshanley/vacuum/rulesets/ruleset_functions.go:46.39,64.2 1 1
github.com/daveshanley/vacuum/rulesets/ruleset_functions.go:68.43,86.2 1 1
github.com/daveshanley/vacuum/rulesets/ruleset_functions.go:90.39,108.2 1 1
github.com/daveshanley/vacuum/rulesets/ruleset_functions.go:112.42,130.2 1 1
github.com/daveshanley/vacuum/rulesets/ruleset_functions.go:134.44,158.2 4 1
github.com/daveshanley/vacuum/rulesets/ruleset_functions.go:162.50,186.2 4 1
github.com/daveshanley/vacuum/rulesets/ruleset_functions.go:190.51,212.2 3 1
github.com/daveshanley/vacuum/rulesets/ruleset_functions.go:216.39,248.2 6 1
github.com/daveshanley/vacuum/rulesets/ruleset_functions.go:252.42,283.2 6 1
github.com/daveshanley/vacuum/rulesets/ruleset_functions.go:287.46,309.2 4 1
github.com/daveshanley/vacuum/rulesets/ruleset_functions.go:313.46,335.2 4 1
github.com/daveshanley/vacuum/rulesets/ruleset_functions.go:338.49,360.2 4 1
github.com/daveshanley/vacuum/rulesets/ruleset_functions.go:363.49,386.2 4 1
github.com/daveshanley/vacuum/rulesets/ruleset_functions.go:390.48,410.2 3 1
github.com/daveshanley/vacuum/rulesets/ruleset_functions.go:413.52,430.2 1 1
github.com/daveshanley/vacuum/rulesets/ruleset_functions.go:433.52,450.2 1 1
github.com/daveshanley/vacuum/rulesets/ruleset_functions.go:454.50,471.2 1 1
github.com/daveshanley/vacuum/rulesets/ruleset_functions.go:474.49,491.2 1 1
github.com/daveshanley/vacuum/rulesets/ruleset_functions.go:494.38,511.2 1 1
github.com/daveshanley/vacuum/rulesets/ruleset_functions.go:514.49,538.2 4 1
github.com/daveshanley/vacuum/rulesets/ruleset_functions.go:542.41,559.2 1 1
github.com/daveshanley/vacuum/rulesets/ruleset_functions.go:562.53,584.2 4 1
github.com/daveshanley/vacuum/rulesets/ruleset_functions.go:587.47,609.2 4 1
github.com/daveshanley/vacuum/rulesets/ruleset_functions.go:612.47,634.2 4 1
github.com/daveshanley/vacuum/rulesets/ruleset_functions.go:637.50,655.2 1 1
github.com/daveshanley/vacuum/rulesets/ruleset_functions.go:658.37,675.2 1 1
github.com/daveshanley/vacuum/rulesets/ruleset_functions.go:678.38,696.2 1 1
github.com/daveshanley/vacuum/rulesets/ruleset_functions.go:701.47,718.2 1 1
github.com/daveshanley/vacuum/rulesets/ruleset_functions.go:721.47,738.2 1 1
github.com/daveshanley/vacuum/rulesets/ruleset_functions.go:742.48,760.2 1 1
github.com/daveshanley/vacuum/rulesets/ruleset_functions.go:763.48,780.2 1 1
github.com/daveshanley/vacuum/rulesets/ruleset_functions.go:783.48,800.2 1 1
github.com/daveshanley/vacuum/rulesets/ruleset_functions.go:803.38,820.2 1 1
github.com/daveshanley/vacuum/rulesets/ruleset_functions.go:823.38,840.2 1 1
github.com/daveshanley/vacuum/rulesets/ruleset_functions.go:843.45,860.2 1 1
github.com/daveshanley/vacuum/rulesets/ruleset_functions.go:863.46,880.2 1 1
github.com/daveshanley/vacuum/rulesets/ruleset_functions.go:883.39,901.2 1 1
github.com/daveshanley/vacuum/rulesets/ruleset_functions.go:904.39,921.2 1 1
github.com/daveshanley/vacuum/rulesets/ruleset_functions.go:924.52,942.2 1 1
github.com/daveshanley/vacuum/rulesets/ruleset_functions.go:945.49,962.2 1 1
github.com/daveshanley/vacuum/rulesets/ruleset_functions.go:965.41,982.2 1 1
github.com/daveshanley/vacuum/rulesets/ruleset_functions.go:985.47,1002.2 1 1
github.com/daveshanley/vacuum/rulesets/ruleset_functions.go:1005.47,1022.2 1 1
github.com/daveshanley/vacuum/rulesets/ruleset_functions.go:1025.47,1046.2 3 1
github.com/daveshanley/vacuum/rulesets/ruleset_functions.go:1049.47,1066.2 1 1
github.com/daveshanley/vacuum/rulesets/ruleset_functions.go:1069.45,1086.2 1 1
github.com/daveshanley/vacuum/rulesets/ruleset_functions.go:1089.40,1106.2 1 1
github.com/daveshanley/vacuum/rulesets/ruleset_functions.go:1109.40,1126.2 1 1
github.com/daveshanley/vacuum/rulesets/ruleset_functions.go:1129.37,1146.2 1 1
github.com/daveshanley/vacuum/rulesets/ruleset_functions.go:1149.41,1166.2 1 1
github.com/daveshanley/vacuum/rulesets/ruleset_functions.go:1169.42,1186.2 1 1
github.com/daveshanley/vacuum/rulesets/ruleset_functions.go:1189.50,1206.2 1 1
github.com/daveshanley/vacuum/rulesets/rulesets.go:110.38,117.2 3 1
github.com/daveshanley/vacuum/rulesets/rulesets.go:119.67,121.2 1 1
github.com/daveshanley/vacuum/rulesets/rulesets.go:123.71,126.55 2 1
github.com/daveshanley/vacuum/rulesets/rulesets.go:126.55,127.23 1 1
github.com/daveshanley/vacuum/rulesets/rulesets.go:127.23,129.4 1 1
github.com/daveshanley/vacuum/rulesets/rulesets.go:133.2,137.20 5 1
github.com/daveshanley/vacuum/rulesets/rulesets.go:140.88,154.100 3 1
github.com/daveshanley/vacuum/rulesets/rulesets.go:154.100,156.3 1 1
github.com/daveshanley/vacuum/rulesets/rulesets.go:159.2,159.45 1 1
github.com/daveshanley/vacuum/rulesets/rulesets.go:159.45,161.3 1 1
github.com/daveshanley/vacuum/rulesets/rulesets.go:164.2,164.45 1 1
github.com/daveshanley/vacuum/rulesets/rulesets.go:164.45,165.32 1 1
github.com/daveshanley/vacuum/rulesets/rulesets.go:165.32,167.4 1 1
github.com/daveshanley/vacuum/rulesets/rulesets.go:168.3,169.110 2 1
github.com/daveshanley/vacuum/rulesets/rulesets.go:172.2,172.36 1 1
github.com/daveshanley/vacuum/rulesets/rulesets.go:172.36,174.3 1 1
github.com/daveshanley/vacuum/rulesets/rulesets.go:177.2,177.21 1 1
github.com/daveshanley/vacuum/rulesets/rulesets.go:177.21,179.3 1 0
github.com/daveshanley/vacuum/rulesets/rulesets.go:182.2,186.39 2 1
github.com/daveshanley/vacuum/rulesets/rulesets.go:186.39,189.36 1 1
github.com/daveshanley/vacuum/rulesets/rulesets.go:189.36,192.26 1 1
github.com/daveshanley/vacuum/rulesets/rulesets.go:192.26,197.13 2 1
github.com/daveshanley/vacuum/rulesets/rulesets.go:200.4,200.19 1 1
github.com/daveshanley/vacuum/rulesets/rulesets.go:201.89,202.35 1 1
github.com/daveshanley/vacuum/rulesets/rulesets.go:203.21,204.24 1 1
github.com/daveshanley/vacuum/rulesets/rulesets.go:210.3,210.31 1 1
github.com/daveshanley/vacuum/rulesets/rulesets.go:210.31,211.12 1 1
github.com/daveshanley/vacuum/rulesets/rulesets.go:211.12,212.43 1 1
github.com/daveshanley/vacuum/rulesets/rulesets.go:212.43,214.14 2 1
github.com/daveshanley/vacuum/rulesets/rulesets.go:216.5,216.46 1 1
github.com/daveshanley/vacuum/rulesets/rulesets.go:217.10,219.5 1 0
github.com/daveshanley/vacuum/rulesets/rulesets.go:223.3,223.52 1 1
github.com/daveshanley/vacuum/rulesets/rulesets.go:223.52,231.19 4 1
github.com/daveshanley/vacuum/rulesets/rulesets.go:231.19,233.5 1 0
github.com/daveshanley/vacuum/rulesets/rulesets.go:234.4,235.19 2 1
github.com/daveshanley/vacuum/rulesets/rulesets.go:235.19,237.5 1 0
github.com/daveshanley/vacuum/rulesets/rulesets.go:240.4,240.19 1 1
github.com/daveshanley/vacuum/rulesets/rulesets.go:240.19,243.5 2 1
github.com/daveshanley/vacuum/rulesets/rulesets.go:243.10,244.43 1 1
github.com/daveshanley/vacuum/rulesets/rulesets.go:244.43,246.6 1 1
github.com/daveshanley/vacuum/rulesets/rulesets.go:250.4,250.34 1 1
github.com/daveshanley/vacuum/rulesets/rulesets.go:250.34,252.5 1 1
github.com/daveshanley/vacuum/rulesets/rulesets.go:254.4,254.21 1 1
github.com/daveshanley/vacuum/rulesets/rulesets.go:257.2,257.11 1 1
github.com/daveshanley/vacuum/rulesets/rulesets.go:262.70,272.2 2 1
github.com/daveshanley/vacuum/rulesets/rulesets.go:275.50,331.2 55 1
github.com/daveshanley/vacuum/rulesets/rulesets.go:334.47,341.2 2 1
github.com/daveshanley/vacuum/rulesets/rulesets.go:356.56,357.27 1 1
github.com/daveshanley/vacuum/rulesets/rulesets.go:357.27,359.3 1 1
github.com/daveshanley/vacuum/rulesets/rulesets.go:360.2,362.23 2 1
github.com/daveshanley/vacuum/rulesets/rulesets.go:362.23,363.44 1 1
github.com/daveshanley/vacuum/rulesets/rulesets.go:363.44,365.4 1 1
github.com/daveshanley/vacuum/rulesets/rulesets.go:366.3,366.53 1 1
github.com/daveshanley/vacuum/rulesets/rulesets.go:366.53,367.33 1 1
github.com/daveshanley/vacuum/rulesets/rulesets.go:367.33,368.45 1 1
github.com/daveshanley/vacuum/rulesets/rulesets.go:368.45,369.27 1 1
github.com/daveshanley/vacuum/rulesets/rulesets.go:369.27,371.7 1 1
github.com/daveshanley/vacuum/rulesets/rulesets.go:373.5,373.38 1 1
github.com/daveshanley/vacuum/rulesets/rulesets.go:373.38,375.6 1 1
github.com/daveshanley/vacuum/rulesets/rulesets.go:379.2,380.10 2 1
github.com/daveshanley/vacuum/rulesets/rulesets.go:384.64,386.31 2 1
github.com/daveshanley/vacuum/rulesets/rulesets.go:386.31,388.3 1 0
github.com/daveshanley/vacuum/rulesets/rulesets.go:390.2,400.19 7 1
github.com/daveshanley/vacuum/rulesets/rulesets.go:400.19,405.30 4 1
github.com/daveshanley/vacuum/rulesets/rulesets.go:405.30,407.30 2 1
github.com/daveshanley/vacuum/rulesets/rulesets.go:407.30,409.5 1 1
github.com/daveshanley/vacuum/rulesets/rulesets.go:411.3,411.62 1 1
github.com/daveshanley/vacuum/rulesets/rulesets.go:415.2,417.17 3 1
github.com/daveshanley/vacuum/rulesets/rulesets.go:417.17,419.3 1 0
github.com/daveshanley/vacuum/rulesets/rulesets.go:422.2,423.39 2 1
github.com/daveshanley/vacuum/rulesets/rulesets.go:423.39,424.46 1 1
github.com/daveshanley/vacuum/rulesets/rulesets.go:424.46,427.19 3 1
github.com/daveshanley/vacuum/rulesets/rulesets.go:427.19,429.5 1 0
github.com/daveshanley/vacuum/rulesets/rulesets.go:430.4,431.24 2 1
github.com/daveshanley/vacuum/rulesets/rulesets.go:434.3,434.34 1 1
github.com/daveshanley/vacuum/rulesets/rulesets.go:434.34,437.4 2 0
github.com/daveshanley/vacuum/rulesets/rulesets.go:439.2,439.16 1 1
github.com/daveshanley/vacuum/rulesets/rulesets.go:443.59,445.30 2 1
github.com/daveshanley/vacuum/rulesets/rulesets.go:445.30,447.17 2 1
github.com/daveshanley/vacuum/rulesets/rulesets.go:447.17,449.4 1 0
github.com/daveshanley/vacuum/rulesets/rulesets.go:450.3,450.8 1 1
github.com/daveshanley/vacuum/rulesets/rulesets.go:452.2,452.34 1 1
github.com/daveshanley/vacuum/cui/category_gauges.go:18.89,29.2 10 1
github.com/daveshanley/vacuum/cui/dashboard.go:38.115,44.2 5 1
github.com/daveshanley/vacuum/cui/dashboard.go:47.45,49.42 2 1
github.com/daveshanley/vacuum/cui/dashboard.go:49.42,51.3 1 1
github.com/daveshanley/vacuum/cui/dashboard.go:52.2,63.55 11 1
github.com/daveshanley/vacuum/cui/dashboard.go:63.55,65.3 1 0
github.com/daveshanley/vacuum/cui/dashboard.go:66.2,68.39 2 1
github.com/daveshanley/vacuum/cui/dashboard.go:73.40,75.49 2 0
github.com/daveshanley/vacuum/cui/dashboard.go:75.49,79.3 3 0
github.com/daveshanley/vacuum/cui/dashboard.go:80.2,80.35 1 0
github.com/daveshanley/vacuum/cui/dashboard.go:84.39,86.34 1 0
github.com/daveshanley/vacuum/cui/dashboard.go:86.34,88.3 1 0
github.com/daveshanley/vacuum/cui/dashboard.go:90.2,96.50 5 0
github.com/daveshanley/vacuum/cui/dashboard.go:96.50,100.3 3 0
github.com/daveshanley/vacuum/cui/dashboard.go:103.2,123.12 14 0
github.com/daveshanley/vacuum/cui/dashboard.go:126.62,128.26 2 0
github.com/daveshanley/vacuum/cui/dashboard.go:128.26,131.3 2 0
github.com/daveshanley/vacuum/cui/dashboard.go:131.8,133.3 1 0
github.com/daveshanley/vacuum/cui/dashboard.go:135.2,135.6 1 0
github.com/daveshanley/vacuum/cui/dashboard.go:135.6,137.15 2 0
github.com/daveshanley/vacuum/cui/dashboard.go:138.21,139.10 1 0
github.com/daveshanley/vacuum/cui/dashboard.go:140.12,141.30 1 0
github.com/daveshanley/vacuum/cui/dashboard.go:142.16,144.50 2 0
github.com/daveshanley/vacuum/cui/dashboard.go:144.50,146.5 1 0
github.com/daveshanley/vacuum/cui/dashboard.go:146.10,148.5 1 0
github.com/daveshanley/vacuum/cui/dashboard.go:149.4,150.34 2 0
github.com/daveshanley/vacuum/cui/dashboard.go:152.18,154.34 2 0
github.com/daveshanley/vacuum/cui/dashboard.go:156.19,159.34 3 0
github.com/daveshanley/vacuum/cui/dashboard.go:161.23,165.34 4 0
github.com/daveshanley/vacuum/cui/dashboard.go:167.22,171.34 4 0
github.com/daveshanley/vacuum/cui/dashboard.go:173.22,174.32 1 0
github.com/daveshanley/vacuum/cui/dashboard.go:174.32,176.5 1 0
github.com/daveshanley/vacuum/cui/dashboard.go:176.10,178.5 1 0
github.com/daveshanley/vacuum/cui/dashboard.go:179.20,180.32 1 0
github.com/daveshanley/vacuum/cui/dashboard.go:180.32,182.5 1 0
github.com/daveshanley/vacuum/cui/dashboard.go:182.10,184.5 1 0
github.com/daveshanley/vacuum/cui/dashboard.go:186.3,187.26 2 0
github.com/daveshanley/vacuum/cui/dashboard.go:187.26,189.4 1 0
github.com/daveshanley/vacuum/cui/dashboard.go:189.9,191.4 1 0
github.com/daveshanley/vacuum/cui/dashboard.go:195.50,199.2 3 0
github.com/daveshanley/vacuum/cui/dashboard.go:201.34,220.26 11 0
github.com/daveshanley/vacuum/cui/dashboard.go:220.26,221.43 1 0
github.com/daveshanley/vacuum/cui/dashboard.go:221.43,250.4 1 0
github.com/daveshanley/vacuum/cui/dashboard.go:253.2,259.42 5 0
github.com/daveshanley/vacuum/cui/dashboard.go:259.42,264.3 1 0
github.com/daveshanley/vacuum/cui/dashboard.go:268.50,269.19 1 1
github.com/daveshanley/vacuum/cui/dashboard.go:269.19,271.3 1 1
github.com/daveshanley/vacuum/cui/dashboard.go:272.2,272.35 1 0
github.com/daveshanley/vacuum/cui/dashboard.go:272.35,274.3 1 0
github.com/daveshanley/vacuum/cui/dashboard.go:275.2,275.35 1 0
github.com/daveshanley/vacuum/cui/dashboard.go:275.35,277.3 1 0
github.com/daveshanley/vacuum/cui/dashboard.go:278.2,278.18 1 0
github.com/daveshanley/vacuum/cui/dashboard.go:278.18,280.3 1 0
github.com/daveshanley/vacuum/cui/dashboard.go:281.2,281.22 1 0
github.com/daveshanley/vacuum/cui/snippet.go:16.28,22.2 1 1
github.com/daveshanley/vacuum/cui/snippet.go:24.40,28.19 3 1
github.com/daveshanley/vacuum/cui/snippet.go:28.19,30.3 1 1
github.com/daveshanley/vacuum/cui/snippet.go:32.2,33.27 2 1
github.com/daveshanley/vacuum/cui/snippet.go:33.27,34.45 1 1
github.com/daveshanley/vacuum/cui/snippet.go:34.45,35.9 1 1
github.com/daveshanley/vacuum/cui/snippet.go:37.3,38.47 2 1
github.com/daveshanley/vacuum/cui/snippet.go:38.47,41.4 2 1
github.com/daveshanley/vacuum/cui/stats_chart.go:17.81,48.2 11 1
github.com/daveshanley/vacuum/cui/tabbed_view.go:32.56,43.2 9 0
github.com/daveshanley/vacuum/cui/tabbed_view.go:45.40,48.2 2 0
github.com/daveshanley/vacuum/cui/tabbed_view.go:50.45,51.35 1 0
github.com/daveshanley/vacuum/cui/tabbed_view.go:51.35,56.3 4 0
github.com/daveshanley/vacuum/cui/tabbed_view.go:59.38,62.2 2 0
github.com/daveshanley/vacuum/cui/tabbed_view.go:64.43,65.35 1 0
github.com/daveshanley/vacuum/cui/tabbed_view.go:65.35,70.3 4 0
github.com/daveshanley/vacuum/cui/tabbed_view.go:73.38,75.113 2 0
github.com/daveshanley/vacuum/cui/tabbed_view.go:75.113,77.3 1 0
github.com/daveshanley/vacuum/cui/tabbed_view.go:81.43,82.28 1 0
github.com/daveshanley/vacuum/cui/tabbed_view.go:82.28,84.3 1 0
github.com/daveshanley/vacuum/cui/tabbed_view.go:85.2,86.66 2 0
github.com/daveshanley/vacuum/cui/tabbed_view.go:86.66,87.40 1 0
github.com/daveshanley/vacuum/cui/tabbed_view.go:87.40,89.4 1 0
github.com/daveshanley/vacuum/cui/tabbed_view.go:90.3,91.9 2 0
github.com/daveshanley/vacuum/cui/tabbed_view.go:93.2,93.99 1 0
github.com/daveshanley/vacuum/cui/tabbed_view.go:93.99,95.3 1 0
github.com/daveshanley/vacuum/cui/tabbed_view.go:98.52,99.35 1 1
github.com/daveshanley/vacuum/cui/tabbed_view.go:99.35,105.3 5 1
github.com/daveshanley/vacuum/cui/tabbed_view.go:105.8,107.3 1 0
github.com/daveshanley/vacuum/cui/tabbed_view.go:110.48,111.24 1 1
github.com/daveshanley/vacuum/cui/tabbed_view.go:111.24,113.3 1 0
github.com/daveshanley/vacuum/cui/tabbed_view.go:114.2,120.45 5 1
github.com/daveshanley/vacuum/cui/tabbed_view.go:120.45,125.21 4 0
github.com/daveshanley/vacuum/cui/tabbed_view.go:125.21,127.4 1 0
github.com/daveshanley/vacuum/cui/tabbed_view.go:128.3,128.14 1 0
github.com/daveshanley/vacuum/cui/tabbed_view.go:129.10,131.61 2 0
github.com/daveshanley/vacuum/cui/tabbed_view.go:132.10,134.55 2 0
github.com/daveshanley/vacuum/cui/tabbed_view.go:135.10,136.21 1 0
github.com/daveshanley/vacuum/cui/tabbed_view.go:137.10,138.21 1 0
github.com/daveshanley/vacuum/cui/tabbed_view.go:141.3,141.82 1 0
github.com/daveshanley/vacuum/cui/tabbed_view.go:143.2,143.20 1 1
github.com/daveshanley/vacuum/cui/tabbed_view.go:143.20,148.3 3 1
github.com/daveshanley/vacuum/cui/tabbed_view.go:150.2,150.24 1 1
github.com/daveshanley/vacuum/cui/tabbed_view.go:150.24,159.3 8 1
github.com/daveshanley/vacuum/cui/tabbed_view.go:161.2,162.74 2 1
github.com/daveshanley/vacuum/cui/tabbed_view.go:166.47,167.33 1 1
github.com/daveshanley/vacuum/cui/tabbed_view.go:167.33,169.3 1 0
github.com/daveshanley/vacuum/cui/tabbed_view.go:170.2,173.45 4 1
github.com/daveshanley/vacuum/cui/tabbed_view.go:173.45,174.44 1 0
github.com/daveshanley/vacuum/cui/tabbed_view.go:174.44,175.50 1 0
github.com/daveshanley/vacuum/cui/tabbed_view.go:175.50,178.5 2 0
github.com/daveshanley/vacuum/cui/tabbed_view.go:182.2,182.28 1 1
github.com/daveshanley/vacuum/cui/tabbed_view.go:182.28,191.3 8 1
github.com/daveshanley/vacuum/cui/tabbed_view.go:193.2,193.37 1 1
github.com/daveshanley/vacuum/cui/tabbed_view.go:193.37,196.3 2 0
github.com/daveshanley/vacuum/cui/tabbed_view.go:196.8,199.3 2 1
github.com/daveshanley/vacuum/cui/tabbed_view.go:200.2,200.42 1 1
github.com/daveshanley/vacuum/cui/tabbed_view.go:204.50,205.24 1 1
github.com/daveshanley/vacuum/cui/tabbed_view.go:205.24,207.3 1 0
github.com/daveshanley/vacuum/cui/tabbed_view.go:208.2,208.35 1 1
github.com/daveshanley/vacuum/cui/tabbed_view.go:208.35,210.38 2 1
github.com/daveshanley/vacuum/cui/tabbed_view.go:210.38,212.4 1 0
github.com/daveshanley/vacuum/cui/tabbed_view.go:212.9,214.4 1 1
github.com/daveshanley/vacuum/cui/tabbed_view.go:215.3,226.32 12 1
github.com/daveshanley/vacuum/cui/tabbed_view.go:227.8,228.43 1 0
github.com/daveshanley/vacuum/cui/tabbed_view.go:228.43,231.4 2 0
github.com/daveshanley/vacuum/cui/tabbed_view.go:231.9,234.4 2 0
github.com/daveshanley/vacuum/cui/tabbed_view.go:238.2,238.38 1 1
github.com/daveshanley/vacuum/cui/tabbed_view.go:238.38,241.3 2 1
github.com/daveshanley/vacuum/cui/tabbed_view.go:243.2,243.35 1 1
github.com/daveshanley/vacuum/cui/tabbed_view.go:243.35,247.38 3 1
github.com/daveshanley/vacuum/cui/tabbed_view.go:247.38,250.4 1 0
github.com/daveshanley/vacuum/cui/tabbed_view.go:250.9,252.4 1 1
github.com/daveshanley/vacuum/cui/tabbed_view.go:254.3,261.35 8 1
github.com/daveshanley/vacuum/cui/tabbed_view.go:262.8,263.43 1 0
github.com/daveshanley/vacuum/cui/tabbed_view.go:263.43,265.4 1 0
github.com/daveshanley/vacuum/cui/tabbed_view.go:265.9,268.39 2 0
github.com/daveshanley/vacuum/cui/tabbed_view.go:268.39,271.5 1 0
github.com/daveshanley/vacuum/cui/tabbed_view.go:271.10,273.5 1 0
github.com/daveshanley/vacuum/cui/tabbed_view.go:278.2,278.38 1 1
github.com/daveshanley/vacuum/cui/tabbed_view.go:278.38,280.3 1 1
github.com/daveshanley/vacuum/cui/tabbed_view.go:282.2,282.34 1 1
github.com/daveshanley/vacuum/cui/tabbed_view.go:282.34,284.38 2 1
github.com/daveshanley/vacuum/cui/tabbed_view.go:284.38,286.4 1 0
github.com/daveshanley/vacuum/cui/tabbed_view.go:286.9,288.4 1 1
github.com/daveshanley/vacuum/cui/tabbed_view.go:289.3,300.31 12 1
github.com/daveshanley/vacuum/cui/tabbed_view.go:302.8,303.43 1 0
github.com/daveshanley/vacuum/cui/tabbed_view.go:303.43,306.4 2 0
github.com/daveshanley/vacuum/cui/tabbed_view.go:306.9,309.4 2 0
github.com/daveshanley/vacuum/cui/tabbed_view.go:313.2,313.38 1 1
github.com/daveshanley/vacuum/cui/tabbed_view.go:313.38,316.3 2 1
github.com/daveshanley/vacuum/cui/tabbed_view.go:320.103,328.26 4 0
github.com/daveshanley/vacuum/cui/tabbed_view.go:328.26,330.3 1 0
github.com/daveshanley/vacuum/cui/tabbed_view.go:330.8,332.3 1 0
github.com/daveshanley/vacuum/cui/tabbed_view.go:334.2,334.47 1 0
github.com/daveshanley/vacuum/cui/tabbed_view.go:334.47,336.3 1 0
github.com/daveshanley/vacuum/cui/tabbed_view.go:336.8,338.3 1 0
github.com/daveshanley/vacuum/cui/tabbed_view.go:340.2,342.34 3 0
github.com/daveshanley/vacuum/cui/tabbed_view.go:342.34,347.3 3 0
github.com/daveshanley/vacuum/cui/tabbed_view.go:350.2,356.35 5 0
github.com/daveshanley/vacuum/cui/tabbed_view.go:356.35,360.3 3 0
github.com/daveshanley/vacuum/cui/tabbed_view.go:362.2,362.21 1 0
github.com/daveshanley/vacuum/cmd/build_results.go:15.76,25.23 3 1
github.com/daveshanley/vacuum/cmd/build_results.go:25.23,28.19 2 1
github.com/daveshanley/vacuum/cmd/build_results.go:28.19,30.4 1 1
github.com/daveshanley/vacuum/cmd/build_results.go:31.3,32.19 2 1
github.com/daveshanley/vacuum/cmd/build_results.go:32.19,34.4 1 0
github.com/daveshanley/vacuum/cmd/build_results.go:37.2,48.32 5 1
github.com/daveshanley/vacuum/cmd/dashboard.go:21.43,28.118 1 1
github.com/daveshanley/vacuum/cmd/dashboard.go:28.118,29.22 1 0
github.com/daveshanley/vacuum/cmd/dashboard.go:29.22,31.5 1 0
github.com/daveshanley/vacuum/cmd/dashboard.go:32.4,32.81 1 0
github.com/daveshanley/vacuum/cmd/dashboard.go:34.55,37.22 1 0
github.com/daveshanley/vacuum/cmd/dashboard.go:37.22,42.5 4 0
github.com/daveshanley/vacuum/cmd/dashboard.go:43.4,47.27 4 0
github.com/daveshanley/vacuum/cmd/dashboard.go:47.27,50.5 2 0
github.com/daveshanley/vacuum/cmd/dashboard.go:52.4,58.27 5 0
github.com/daveshanley/vacuum/cmd/dashboard.go:58.27,65.19 5 0
github.com/daveshanley/vacuum/cmd/dashboard.go:65.19,68.6 2 0
github.com/daveshanley/vacuum/cmd/dashboard.go:69.5,71.36 3 0
github.com/daveshanley/vacuum/cmd/dashboard.go:73.10,81.19 4 0
github.com/daveshanley/vacuum/cmd/dashboard.go:81.19,85.6 3 0
github.com/daveshanley/vacuum/cmd/dashboard.go:87.5,88.23 2 0
github.com/daveshanley/vacuum/cmd/dashboard.go:88.23,90.52 2 0
github.com/daveshanley/vacuum/cmd/dashboard.go:90.52,93.7 2 0
github.com/daveshanley/vacuum/cmd/dashboard.go:93.12,95.7 1 0
github.com/daveshanley/vacuum/cmd/dashboard.go:96.6,97.37 2 0
github.com/daveshanley/vacuum/cmd/dashboard.go:100.5,103.48 3 0
github.com/daveshanley/vacuum/cmd/dashboard.go:106.4,108.24 3 0
github.com/daveshanley/vacuum/cmd/generate_ruleset.go:17.49,26.118 1 1
github.com/daveshanley/vacuum/cmd/generate_ruleset.go:26.118,27.21 1 0
github.com/daveshanley/vacuum/cmd/generate_ruleset.go:28.11,29.78 1 0
github.com/daveshanley/vacuum/cmd/generate_ruleset.go:30.11,31.74 1 0
github.com/daveshanley/vacuum/cmd/generate_ruleset.go:32.12,33.51 1 0
github.com/daveshanley/vacuum/cmd/generate_ruleset.go:36.55,41.21 2 1
github.com/daveshanley/vacuum/cmd/generate_ruleset.go:41.21,46.5 4 1
github.com/daveshanley/vacuum/cmd/generate_ruleset.go:48.4,48.52 1 1
github.com/daveshanley/vacuum/cmd/generate_ruleset.go:48.52,53.5 4 1
github.com/daveshanley/vacuum/cmd/generate_ruleset.go:55.4,58.22 3 1
github.com/daveshanley/vacuum/cmd/generate_ruleset.go:58.22,60.5 1 1
github.com/daveshanley/vacuum/cmd/generate_ruleset.go:63.4,70.24 4 1
github.com/daveshanley/vacuum/cmd/generate_ruleset.go:70.24,72.5 1 1
github.com/daveshanley/vacuum/cmd/generate_ruleset.go:77.4,80.18 4 1
github.com/daveshanley/vacuum/cmd/generate_ruleset.go:80.18,82.5 1 0
github.com/daveshanley/vacuum/cmd/generate_ruleset.go:84.4,95.18 7 1
github.com/daveshanley/vacuum/cmd/generate_ruleset.go:95.18,99.5 3 1
github.com/daveshanley/vacuum/cmd/generate_ruleset.go:101.4,104.14 3 1
github.com/daveshanley/vacuum/cmd/generate_ruleset.go:107.2,107.12 1 1
github.com/daveshanley/vacuum/cmd/html_report.go:23.44,33.118 1 1
github.com/daveshanley/vacuum/cmd/html_report.go:33.118,34.21 1 0
github.com/daveshanley/vacuum/cmd/html_report.go:35.11,36.82 1 0
github.com/daveshanley/vacuum/cmd/html_report.go:37.11,38.74 1 0
github.com/daveshanley/vacuum/cmd/html_report.go:39.12,40.51 1 0
github.com/daveshanley/vacuum/cmd/html_report.go:43.55,50.19 3 1
github.com/daveshanley/vacuum/cmd/html_report.go:50.19,53.5 2 0
github.com/daveshanley/vacuum/cmd/html_report.go:55.4,58.22 2 1
github.com/daveshanley/vacuum/cmd/html_report.go:58.22,63.5 4 1
github.com/daveshanley/vacuum/cmd/html_report.go:65.4,70.21 4 1
github.com/daveshanley/vacuum/cmd/html_report.go:70.21,72.5 1 1
github.com/daveshanley/vacuum/cmd/html_report.go:74.4,77.27 4 1
github.com/daveshanley/vacuum/cmd/html_report.go:77.27,80.5 2 0
github.com/daveshanley/vacuum/cmd/html_report.go:82.4,89.27 6 1
github.com/daveshanley/vacuum/cmd/html_report.go:89.27,96.19 5 1
github.com/daveshanley/vacuum/cmd/html_report.go:96.19,99.6 2 0
github.com/daveshanley/vacuum/cmd/html_report.go:100.5,104.78 4 1
github.com/daveshanley/vacuum/cmd/html_report.go:106.10,112.5 4 1
github.com/daveshanley/vacuum/cmd/html_report.go:114.4,124.18 5 1
github.com/daveshanley/vacuum/cmd/html_report.go:124.18,128.5 3 1
github.com/daveshanley/vacuum/cmd/html_report.go:130.4,136.14 5 1
github.com/daveshanley/vacuum/cmd/html_report.go:139.2,142.12 3 1
github.com/daveshanley/vacuum/cmd/lint.go:20.38,28.118 1 1
github.com/daveshanley/vacuum/cmd/lint.go:28.118,29.22 1 0
github.com/daveshanley/vacuum/cmd/lint.go:29.22,31.5 1 0
github.com/daveshanley/vacuum/cmd/lint.go:32.4,32.81 1 0
github.com/daveshanley/vacuum/cmd/lint.go:34.55,50.19 12 1
github.com/daveshanley/vacuum/cmd/lint.go:50.19,53.5 2 0
github.com/daveshanley/vacuum/cmd/lint.go:55.4,55.15 1 1
github.com/daveshanley/vacuum/cmd/lint.go:55.15,57.5 1 1
github.com/daveshanley/vacuum/cmd/lint.go:60.4,60.22 1 1
github.com/daveshanley/vacuum/cmd/lint.go:60.22,64.5 3 1
github.com/daveshanley/vacuum/cmd/lint.go:67.4,72.19 3 1
github.com/daveshanley/vacuum/cmd/lint.go:72.19,78.5 3 1
github.com/daveshanley/vacuum/cmd/lint.go:80.4,89.25 4 1
github.com/daveshanley/vacuum/cmd/lint.go:89.25,92.21 2 1
github.com/daveshanley/vacuum/cmd/lint.go:92.21,96.6 3 1
github.com/daveshanley/vacuum/cmd/lint.go:98.5,99.21 2 1
github.com/daveshanley/vacuum/cmd/lint.go:99.21,101.6 1 1
github.com/daveshanley/vacuum/cmd/lint.go:104.4,115.30 5 1
github.com/daveshanley/vacuum/cmd/lint.go:115.30,116.39 1 1
github.com/daveshanley/vacuum/cmd/lint.go:116.39,119.6 2 1
github.com/daveshanley/vacuum/cmd/lint.go:120.5,120.77 1 1
github.com/daveshanley/vacuum/cmd/lint.go:123.4,123.15 1 1
github.com/daveshanley/vacuum/cmd/lint.go:123.15,125.5 1 1
github.com/daveshanley/vacuum/cmd/lint.go:127.4,136.20 8 1
github.com/daveshanley/vacuum/cmd/lint.go:136.20,140.5 3 1
github.com/daveshanley/vacuum/cmd/lint.go:142.4,144.26 2 1
github.com/daveshanley/vacuum/cmd/lint.go:144.26,145.25 1 1
github.com/daveshanley/vacuum/cmd/lint.go:146.37,147.75 1 1
github.com/daveshanley/vacuum/cmd/lint.go:148.33,149.71 1 1
github.com/daveshanley/vacuum/cmd/lint.go:150.29,151.67 1 1
github.com/daveshanley/vacuum/cmd/lint.go:152.32,153.70 1 1
github.com/daveshanley/vacuum/cmd/lint.go:154.33,155.71 1 1
github.com/daveshanley/vacuum/cmd/lint.go:156.35,157.73 1 1
github.com/daveshanley/vacuum/cmd/lint.go:158.35,159.73 1 1
github.com/daveshanley/vacuum/cmd/lint.go:160.29,161.67 1 1
github.com/daveshanley/vacuum/cmd/lint.go:162.13,163.40 1 1
github.com/daveshanley/vacuum/cmd/lint.go:165.10,167.5 1 1
github.com/daveshanley/vacuum/cmd/lint.go:170.4,170.29 1 1
github.com/daveshanley/vacuum/cmd/lint.go:170.29,174.33 2 1
github.com/daveshanley/vacuum/cmd/lint.go:174.33,175.17 1 1
github.com/daveshanley/vacuum/cmd/lint.go:175.17,177.7 1 1
github.com/daveshanley/vacuum/cmd/lint.go:178.6,178.87 1 1
github.com/daveshanley/vacuum/cmd/lint.go:184.4,184.15 1 1
github.com/daveshanley/vacuum/cmd/lint.go:184.15,186.5 1 1
github.com/daveshanley/vacuum/cmd/lint.go:188.4,190.76 3 1
github.com/daveshanley/vacuum/cmd/lint.go:194.2,213.19 9 1
github.com/daveshanley/vacuum/cmd/lint.go:213.19,214.16 1 0
github.com/daveshanley/vacuum/cmd/lint.go:216.2,221.19 2 1
github.com/daveshanley/vacuum/cmd/lint.go:221.19,222.16 1 0
github.com/daveshanley/vacuum/cmd/lint.go:225.2,225.12 1 1
github.com/daveshanley/vacuum/cmd/lint.go:228.113,233.15 2 1
github.com/daveshanley/vacuum/cmd/lint.go:233.15,235.3 1 1
github.com/daveshanley/vacuum/cmd/lint.go:236.2,236.28 1 1
github.com/daveshanley/vacuum/cmd/lint.go:236.28,238.14 1 1
github.com/daveshanley/vacuum/cmd/lint.go:238.14,241.9 2 0
github.com/daveshanley/vacuum/cmd/lint.go:243.3,243.15 1 1
github.com/daveshanley/vacuum/cmd/lint.go:243.15,245.4 1 1
github.com/daveshanley/vacuum/cmd/lint.go:246.3,248.25 3 1
github.com/daveshanley/vacuum/cmd/lint.go:248.25,250.4 1 1
github.com/daveshanley/vacuum/cmd/lint.go:251.3,251.25 1 1
github.com/daveshanley/vacuum/cmd/lint.go:251.25,253.4 1 1
github.com/daveshanley/vacuum/cmd/lint.go:254.3,257.23 4 1
github.com/daveshanley/vacuum/cmd/lint.go:257.23,259.4 1 0
github.com/daveshanley/vacuum/cmd/lint.go:261.3,261.27 1 1
github.com/daveshanley/vacuum/cmd/lint.go:261.27,263.4 1 0
github.com/daveshanley/vacuum/cmd/lint.go:265.3,266.20 2 1
github.com/daveshanley/vacuum/cmd/lint.go:266.20,268.4 1 1
github.com/daveshanley/vacuum/cmd/lint.go:270.3,270.14 1 1
github.com/daveshanley/vacuum/cmd/lint.go:271.28,272.29 1 0
github.com/daveshanley/vacuum/cmd/lint.go:273.27,274.38 1 1
github.com/daveshanley/vacuum/cmd/lint.go:275.27,276.30 1 0
github.com/daveshanley/vacuum/cmd/lint.go:279.3,279.55 1 1
github.com/daveshanley/vacuum/cmd/lint.go:279.55,280.12 1 0
github.com/daveshanley/vacuum/cmd/lint.go:283.3,285.26 2 1
github.com/daveshanley/vacuum/cmd/lint.go:285.26,288.4 2 1
github.com/daveshanley/vacuum/cmd/lint.go:291.2,291.26 1 1
github.com/daveshanley/vacuum/cmd/lint.go:291.26,293.3 1 1
github.com/daveshanley/vacuum/cmd/lint.go:297.72,300.29 1 1
github.com/daveshanley/vacuum/cmd/lint.go:300.29,302.3 1 1
github.com/daveshanley/vacuum/cmd/lint.go:302.8,304.3 1 0
github.com/daveshanley/vacuum/cmd/lint.go:306.2,306.29 1 1
github.com/daveshanley/vacuum/cmd/lint.go:306.29,308.3 1 1
github.com/daveshanley/vacuum/cmd/lint.go:309.2,309.29 1 1
github.com/daveshanley/vacuum/cmd/lint.go:309.29,312.3 1 1
github.com/daveshanley/vacuum/cmd/lint.go:313.2,315.41 2 1
github.com/daveshanley/vacuum/cmd/lint.go:315.41,317.3 1 1
github.com/daveshanley/vacuum/cmd/lint.go:320.58,325.50 2 1
github.com/daveshanley/vacuum/cmd/lint.go:325.50,330.56 4 1
github.com/daveshanley/vacuum/cmd/lint.go:330.56,334.4 1 1
github.com/daveshanley/vacuum/cmd/lint.go:338.2,338.25 1 1
github.com/daveshanley/vacuum/cmd/lint.go:338.25,339.14 1 1
github.com/daveshanley/vacuum/cmd/lint.go:339.14,341.18 2 1
github.com/daveshanley/vacuum/cmd/lint.go:341.18,343.5 1 0
github.com/daveshanley/vacuum/cmd/lint.go:344.4,345.19 2 1
github.com/daveshanley/vacuum/cmd/lint.go:349.2,356.16 7 1
github.com/daveshanley/vacuum/cmd/lint.go:356.16,360.3 2 0
github.com/daveshanley/vacuum/cmd/lint.go:361.2,361.18 1 1
github.com/daveshanley/vacuum/cmd/lint.go:361.18,365.3 2 1
github.com/daveshanley/vacuum/cmd/lint.go:367.2,367.17 1 1
github.com/daveshanley/vacuum/cmd/lint.go:367.17,370.3 1 0
github.com/daveshanley/vacuum/cmd/lint.go:372.2,373.49 1 1
github.com/daveshanley/vacuum/cmd/root.go:26.55,35.4 4 0
github.com/daveshanley/vacuum/cmd/root.go:39.44,44.42 4 0
github.com/daveshanley/vacuum/cmd/root.go:44.42,46.3 1 0
github.com/daveshanley/vacuum/cmd/root.go:49.13,59.19 7 1
github.com/daveshanley/vacuum/cmd/root.go:59.19,60.16 1 0
github.com/daveshanley/vacuum/cmd/root.go:62.2,65.19 2 1
github.com/daveshanley/vacuum/cmd/root.go:65.19,66.16 1 0
github.com/daveshanley/vacuum/cmd/root.go:69.2,74.49 6 1
github.com/daveshanley/vacuum/cmd/root.go:78.20,101.2 0 1
github.com/daveshanley/vacuum/cmd/shared_functions.go:19.103,23.20 2 1
github.com/daveshanley/vacuum/cmd/shared_functions.go:23.20,28.3 3 1
github.com/daveshanley/vacuum/cmd/shared_functions.go:29.2,29.59 1 1
github.com/daveshanley/vacuum/cmd/shared_functions.go:33.72,34.14 1 1
github.com/daveshanley/vacuum/cmd/shared_functions.go:34.14,38.3 3 1
github.com/daveshanley/vacuum/cmd/shared_functions.go:41.20,49.2 6 1
github.com/daveshanley/vacuum/cmd/shared_functions.go:52.87,54.25 1 1
github.com/daveshanley/vacuum/cmd/shared_functions.go:54.25,56.17 2 0
github.com/daveshanley/vacuum/cmd/shared_functions.go:56.17,60.4 3 0
github.com/daveshanley/vacuum/cmd/shared_functions.go:61.3,62.38 2 0
github.com/daveshanley/vacuum/cmd/shared_functions.go:64.2,64.17 1 1
github.com/daveshanley/vacuum/cmd/shared_functions.go:67.97,68.45 1 1
github.com/daveshanley/vacuum/cmd/shared_functions.go:68.45,69.27 1 0
github.com/daveshanley/vacuum/cmd/shared_functions.go:70.27,71.34 1 0
github.com/daveshanley/vacuum/cmd/shared_functions.go:71.34,73.5 1 0
github.com/daveshanley/vacuum/cmd/shared_functions.go:74.27,75.49 1 0
github.com/daveshanley/vacuum/cmd/shared_functions.go:75.49,78.5 1 0
github.com/daveshanley/vacuum/cmd/shared_functions.go:79.4,79.14 1 0
github.com/daveshanley/vacuum/cmd/shared_functions.go:81.8,82.17 1 1
github.com/daveshanley/vacuum/cmd/shared_functions.go:82.17,84.4 1 0
github.com/daveshanley/vacuum/cmd/shared_functions.go:86.2,86.12 1 1
github.com/daveshanley/vacuum/cmd/spectral_report.go:20.48,31.118 1 1
github.com/daveshanley/vacuum/cmd/spectral_report.go:31.118,32.21 1 0
github.com/daveshanley/vacuum/cmd/spectral_report.go:33.11,34.82 1 0
github.com/daveshanley/vacuum/cmd/spectral_report.go:35.11,36.67 1 0
github.com/daveshanley/vacuum/cmd/spectral_report.go:37.12,38.51 1 0
github.com/daveshanley/vacuum/cmd/spectral_report.go:41.55,50.19 5 1
github.com/daveshanley/vacuum/cmd/spectral_report.go:50.19,53.5 2 0
github.com/daveshanley/vacuum/cmd/spectral_report.go:55.4,55.25 1 1
github.com/daveshanley/vacuum/cmd/spectral_report.go:55.25,57.5 1 1
github.com/daveshanley/vacuum/cmd/spectral_report.go:60.4,60.32 1 1
github.com/daveshanley/vacuum/cmd/spectral_report.go:60.32,66.5 4 1
github.com/daveshanley/vacuum/cmd/spectral_report.go:68.4,73.21 4 1
github.com/daveshanley/vacuum/cmd/spectral_report.go:73.21,75.5 1 1
github.com/daveshanley/vacuum/cmd/spectral_report.go:77.4,82.13 4 1
github.com/daveshanley/vacuum/cmd/spectral_report.go:82.13,89.5 4 1
github.com/daveshanley/vacuum/cmd/spectral_report.go:89.10,92.5 1 1
github.com/daveshanley/vacuum/cmd/spectral_report.go:94.4,94.24 1 1
github.com/daveshanley/vacuum/cmd/spectral_report.go:94.24,98.5 3 1
github.com/daveshanley/vacuum/cmd/spectral_report.go:100.4,113.25 6 1
github.com/daveshanley/vacuum/cmd/spectral_report.go:113.25,117.21 3 1
github.com/daveshanley/vacuum/cmd/spectral_report.go:117.21,121.6 3 1
github.com/daveshanley/vacuum/cmd/spectral_report.go:122.5,123.21 2 1
github.com/daveshanley/vacuum/cmd/spectral_report.go:123.21,125.6 1 1
github.com/daveshanley/vacuum/cmd/spectral_report.go:128.4,128.25 1 1
github.com/daveshanley/vacuum/cmd/spectral_report.go:128.25,130.5 1 1
github.com/daveshanley/vacuum/cmd/spectral_report.go:132.4,146.13 6 1
github.com/daveshanley/vacuum/cmd/spectral_report.go:146.13,148.5 1 1
github.com/daveshanley/vacuum/cmd/spectral_report.go:148.10,150.5 1 1
github.com/daveshanley/vacuum/cmd/spectral_report.go:152.4,155.16 3 1
github.com/daveshanley/vacuum/cmd/spectral_report.go:155.16,157.5 1 1
github.com/daveshanley/vacuum/cmd/spectral_report.go:157.10,159.5 1 1
github.com/daveshanley/vacuum/cmd/spectral_report.go:161.4,161.14 1 1
github.com/daveshanley/vacuum/cmd/spectral_report.go:161.14,164.5 2 1
github.com/daveshanley/vacuum/cmd/spectral_report.go:166.4,168.18 2 1
github.com/daveshanley/vacuum/cmd/spectral_report.go:168.18,172.5 3 1
github.com/daveshanley/vacuum/cmd/spectral_report.go:174.4,180.14 5 1
github.com/daveshanley/vacuum/cmd/spectral_report.go:183.2,187.12 5 1
github.com/daveshanley/vacuum/cmd/vacuum_report.go:23.46,34.118 1 1
github.com/daveshanley/vacuum/cmd/vacuum_report.go:34.118,35.22 1 0
github.com/daveshanley/vacuum/cmd/vacuum_report.go:35.22,37.5 1 0
github.com/daveshanley/vacuum/cmd/vacuum_report.go:38.4,38.50 1 0
github.com/daveshanley/vacuum/cmd/vacuum_report.go:40.55,50.19 6 1
github.com/daveshanley/vacuum/cmd/vacuum_report.go:50.19,53.5 2 0
github.com/daveshanley/vacuum/cmd/vacuum_report.go:55.4,55.25 1 1
github.com/daveshanley/vacuum/cmd/vacuum_report.go:55.25,57.5 1 1
github.com/daveshanley/vacuum/cmd/vacuum_report.go:60.4,60.32 1 1
github.com/daveshanley/vacuum/cmd/vacuum_report.go:60.32,65.5 4 1
github.com/daveshanley/vacuum/cmd/vacuum_report.go:67.4,76.21 7 1
github.com/daveshanley/vacuum/cmd/vacuum_report.go:76.21,78.5 1 1
github.com/daveshanley/vacuum/cmd/vacuum_report.go:80.4,85.13 4 1
github.com/daveshanley/vacuum/cmd/vacuum_report.go:85.13,92.5 4 1
github.com/daveshanley/vacuum/cmd/vacuum_report.go:92.10,95.5 1 1
github.com/daveshanley/vacuum/cmd/vacuum_report.go:97.4,97.24 1 1
github.com/daveshanley/vacuum/cmd/vacuum_report.go:97.24,101.5 3 1
github.com/daveshanley/vacuum/cmd/vacuum_report.go:104.4,114.25 5 1
github.com/daveshanley/vacuum/cmd/vacuum_report.go:114.25,119.21 3 1
github.com/daveshanley/vacuum/cmd/vacuum_report.go:119.21,123.6 3 1
github.com/daveshanley/vacuum/cmd/vacuum_report.go:124.5,125.21 2 1
github.com/daveshanley/vacuum/cmd/vacuum_report.go:125.21,127.6 1 1
github.com/daveshanley/vacuum/cmd/vacuum_report.go:130.4,130.25 1 1
github.com/daveshanley/vacuum/cmd/vacuum_report.go:130.25,132.5 1 1
github.com/daveshanley/vacuum/cmd/vacuum_report.go:134.4,148.17 5 1
github.com/daveshanley/vacuum/cmd/vacuum_report.go:148.17,150.15 2 0
github.com/daveshanley/vacuum/cmd/vacuum_report.go:150.15,153.6 2 0
github.com/daveshanley/vacuum/cmd/vacuum_report.go:153.11,159.20 3 0
github.com/daveshanley/vacuum/cmd/vacuum_report.go:159.20,163.7 3 0
github.com/daveshanley/vacuum/cmd/vacuum_report.go:165.6,167.16 3 0
github.com/daveshanley/vacuum/cmd/vacuum_report.go:172.4,188.28 6 1
github.com/daveshanley/vacuum/cmd/vacuum_report.go:188.28,190.5 1 1
github.com/daveshanley/vacuum/cmd/vacuum_report.go:190.10,192.5 1 1
github.com/daveshanley/vacuum/cmd/vacuum_report.go:194.4,196.14 2 1
github.com/daveshanley/vacuum/cmd/vacuum_report.go:196.14,199.5 2 1
github.com/daveshanley/vacuum/cmd/vacuum_report.go:201.4,201.16 1 1
github.com/daveshanley/vacuum/cmd/vacuum_report.go:201.16,206.20 4 1
github.com/daveshanley/vacuum/cmd/vacuum_report.go:206.20,208.6 1 0
github.com/daveshanley/vacuum/cmd/vacuum_report.go:209.5,210.20 2 1
github.com/daveshanley/vacuum/cmd/vacuum_report.go:210.20,212.6 1 0
github.com/daveshanley/vacuum/cmd/vacuum_report.go:213.5,214.27 2 1
github.com/daveshanley/vacuum/cmd/vacuum_report.go:217.4,221.18 3 1
github.com/daveshanley/vacuum/cmd/vacuum_report.go:221.18,225.5 3 1
github.com/daveshanley/vacuum/cmd/vacuum_report.go:227.4,233.14 5 1
github.com/daveshanley/vacuum/cmd/vacuum_report.go:236.2,242.12 7 1
github.com/daveshanley/vacuum/functions/openapi/component_descriptions.go:20.69,22.2 1 1
github.com/daveshanley/vacuum/functions/openapi/component_descriptions.go:25.122,27.21 1 1
github.com/daveshanley/vacuum/functions/openapi/component_descriptions.go:27.21,29.3 1 1
github.com/daveshanley/vacuum/functions/openapi/component_descriptions.go:31.2,42.43 7 1
github.com/daveshanley/vacuum/functions/openapi/component_descriptions.go:42.43,43.15 1 1
github.com/daveshanley/vacuum/functions/openapi/component_descriptions.go:43.15,45.12 2 1
github.com/daveshanley/vacuum/functions/openapi/component_descriptions.go:48.3,48.50 1 1
github.com/daveshanley/vacuum/functions/openapi/component_descriptions.go:48.50,50.16 1 1
github.com/daveshanley/vacuum/functions/openapi/component_descriptions.go:50.16,52.13 2 1
github.com/daveshanley/vacuum/functions/openapi/component_descriptions.go:55.4,58.23 3 1
[...]
github.com/daveshanley/vacuum/functions/openapi/success_response.go:24.117,26.21 1 1
github.com/daveshanley/vacuum/functions/openapi/success_response.go:26.21,28.3 1 1
github.com/daveshanley/vacuum/functions/openapi/success_response.go:30.2,35.26 4 1
github.com/daveshanley/vacuum/functions/openapi/success_response.go:35.26,40.22 2 1
github.com/daveshanley/vacuum/functions/openapi/success_response.go:40.22,41.12 1 1
github.com/daveshanley/vacuum/functions/openapi/success_response.go:44.3,44.50 1 1
github.com/daveshanley/vacuum/functions/openapi/success_response.go:44.50,46.46 1 1
github.com/daveshanley/vacuum/functions/openapi/success_response.go:46.46,48.5 1 1
github.com/daveshanley/vacuum/functions/openapi/success_response.go:49.4,49.38 1 1
github.com/daveshanley/vacuum/functions/openapi/success_response.go:49.38,51.55 1 1
github.com/daveshanley/vacuum/functions/openapi/success_response.go:51.55,52.85 1 1
github.com/daveshanley/vacuum/functions/openapi/success_response.go:52.85,54.7 1 1
github.com/daveshanley/vacuum/functions/openapi/success_response.go:54.12,55.15 1 1
github.com/daveshanley/vacuum/functions/openapi/success_response.go:57.6,61.44 3 1
github.com/daveshanley/vacuum/functions/openapi/success_response.go:61.44,66.48 5 1
github.com/daveshanley/vacuum/functions/openapi/success_response.go:66.48,67.45 1 1
github.com/daveshanley/vacuum/functions/openapi/success_response.go:67.45,69.54 2 1
github.com/daveshanley/vacuum/functions/openapi/success_response.go:69.54,71.10 1 1
github.com/daveshanley/vacuum/functions/openapi/success_response.go:77.8,77.55 1 1
github.com/daveshanley/vacuum/functions/openapi/success_response.go:77.55,78.43 1 1
github.com/daveshanley/vacuum/functions/openapi/success_response.go:78.43,83.10 4 1
github.com/daveshanley/vacuum/functions/openapi/success_response.go:86.7,86.47 1 1
github.com/daveshanley/vacuum/functions/openapi/success_response.go:86.47,91.20 3 1
github.com/daveshanley/vacuum/functions/openapi/success_response.go:91.20,93.9 1 1
github.com/daveshanley/vacuum/functions/openapi/success_response.go:93.14,95.9 1 1
github.com/daveshanley/vacuum/functions/openapi/success_response.go:97.8,98.62 2 1
github.com/daveshanley/vacuum/functions/openapi/success_response.go:98.62,100.9 1 0
github.com/daveshanley/vacuum/functions/openapi/success_response.go:102.8,102.25 1 1
github.com/daveshanley/vacuum/functions/openapi/success_response.go:102.25,110.9 1 1
github.com/daveshanley/vacuum/functions/openapi/success_response.go:112.8,112.31 1 1
github.com/daveshanley/vacuum/functions/openapi/success_response.go:112.31,113.37 1 1
github.com/daveshanley/vacuum/functions/openapi/success_response.go:113.37,122.10 1 1
github.com/daveshanley/vacuum/functions/openapi/success_response.go:134.2,134.16 1 1
github.com/daveshanley/vacuum/functions/openapi/typed_enum.go:19.58,23.2 1 1
github.com/daveshanley/vacuum/functions/openapi/typed_enum.go:26.111,27.21 1 1
github.com/daveshanley/vacuum/functions/openapi/typed_enum.go:27.21,29.3 1 1
github.com/daveshanley/vacuum/functions/openapi/typed_enum.go:31.2,35.29 3 1
github.com/daveshanley/vacuum/functions/openapi/typed_enum.go:35.29,37.28 2 1
github.com/daveshanley/vacuum/functions/openapi/typed_enum.go:37.28,39.4 1 1
github.com/daveshanley/vacuum/functions/openapi/typed_enum.go:39.9,39.41 1 1
github.com/daveshanley/vacuum/functions/openapi/typed_enum.go:39.41,40.40 1 1
github.com/daveshanley/vacuum/functions/openapi/typed_enum.go:40.40,41.26 1 1
github.com/daveshanley/vacuum/functions/openapi/typed_enum.go:41.26,43.6 1 1
github.com/daveshanley/vacuum/functions/openapi/typed_enum.go:47.3,51.43 3 1
github.com/daveshanley/vacuum/functions/openapi/typed_enum.go:51.43,52.35 1 1
github.com/daveshanley/vacuum/functions/openapi/typed_enum.go:52.35,54.5 1 1
github.com/daveshanley/vacuum/functions/openapi/typed_enum.go:55.4,55.32 1 1
github.com/daveshanley/vacuum/functions/openapi/typed_enum.go:55.32,58.5 2 1
github.com/daveshanley/vacuum/functions/openapi/typed_enum.go:59.4,59.33 1 1
github.com/daveshanley/vacuum/functions/openapi/typed_enum.go:59.33,62.5 2 1
github.com/daveshanley/vacuum/functions/openapi/typed_enum.go:63.4,63.34 1 1
github.com/daveshanley/vacuum/functions/openapi/typed_enum.go:63.34,66.5 2 1
github.com/daveshanley/vacuum/functions/openapi/typed_enum.go:69.3,75.35 4 1
github.com/daveshanley/vacuum/functions/openapi/typed_enum.go:75.35,83.4 1 1
github.com/daveshanley/vacuum/functions/openapi/typed_enum.go:87.2,87.16 1 1
github.com/daveshanley/vacuum/functions/openapi/unique_operation_id.go:19.67,23.2 1 1
github.com/daveshanley/vacuum/functions/openapi/unique_operation_id.go:26.120,28.21 1 1
github.com/daveshanley/vacuum/functions/openapi/unique_operation_id.go:28.21,30.3 1 1
github.com/daveshanley/vacuum/functions/openapi/unique_operation_id.go:32.2,37.37 4 1
github.com/daveshanley/vacuum/functions/openapi/unique_operation_id.go:37.37,39.45 1 1
github.com/daveshanley/vacuum/functions/openapi/unique_operation_id.go:39.45,44.26 3 1
github.com/daveshanley/vacuum/functions/openapi/unique_operation_id.go:44.26,45.35 1 1
github.com/daveshanley/vacuum/functions/openapi/unique_operation_id.go:45.35,54.6 1 1
github.com/daveshanley/vacuum/functions/openapi/unique_operation_id.go:54.11,56.6 1 1
github.com/daveshanley/vacuum/functions/openapi/unique_operation_id.go:60.2,60.16 1 1
github.com/daveshanley/vacuum/functions/openapi/unused_component.go:20.64,24.2 1 1
github.com/daveshanley/vacuum/functions/openapi/unused_component.go:27.117,29.21 1 1
github.com/daveshanley/vacuum/functions/openapi/unused_component.go:29.21,31.3 1 1
github.com/daveshanley/vacuum/functions/openapi/unused_component.go:33.2,50.76 13 1
github.com/daveshanley/vacuum/functions/openapi/unused_component.go:50.76,51.25 1 1
github.com/daveshanley/vacuum/functions/openapi/unused_component.go:51.25,53.4 1 1
github.com/daveshanley/vacuum/functions/openapi/unused_component.go:57.2,57.48 1 1
github.com/daveshanley/vacuum/functions/openapi/unused_component.go:57.48,58.47 1 1
github.com/daveshanley/vacuum/functions/openapi/unused_component.go:58.47,61.68 3 1
github.com/daveshanley/vacuum/functions/openapi/unused_component.go:61.68,62.17 1 1
github.com/daveshanley/vacuum/functions/openapi/unused_component.go:62.17,64.6 1 1
github.com/daveshanley/vacuum/functions/openapi/unused_component.go:67.3,67.15 1 1
github.com/daveshanley/vacuum/functions/openapi/unused_component.go:71.2,76.61 4 1
github.com/daveshanley/vacuum/functions/openapi/unused_component.go:76.61,78.3 1 1
github.com/daveshanley/vacuum/functions/openapi/unused_component.go:79.2,79.61 1 1
github.com/daveshanley/vacuum/functions/openapi/unused_component.go:79.61,81.3 1 1
github.com/daveshanley/vacuum/functions/openapi/unused_component.go:82.2,82.61 1 1
github.com/daveshanley/vacuum/functions/openapi/unused_component.go:82.61,84.3 1 1
github.com/daveshanley/vacuum/functions/openapi/unused_component.go:87.2,103.41 3 1
github.com/daveshanley/vacuum/functions/openapi/unused_component.go:103.41,104.35 1 1
github.com/daveshanley/vacuum/functions/openapi/unused_component.go:104.35,107.27 1 1
github.com/daveshanley/vacuum/functions/openapi/unused_component.go:107.27,110.80 2 1
github.com/daveshanley/vacuum/functions/openapi/unused_component.go:110.80,112.6 1 1
github.com/daveshanley/vacuum/functions/openapi/unused_component.go:115.5,115.15 1 1
github.com/daveshanley/vacuum/functions/openapi/unused_component.go:115.15,117.6 1 1
github.com/daveshanley/vacuum/functions/openapi/unused_component.go:118.5,118.15 1 1
github.com/daveshanley/vacuum/functions/openapi/unused_component.go:118.15,121.6 1 1
github.com/daveshanley/vacuum/functions/openapi/unused_component.go:127.2,127.32 1 1
github.com/daveshanley/vacuum/functions/openapi/unused_component.go:127.32,140.3 4 1
github.com/daveshanley/vacuum/functions/openapi/unused_component.go:143.2,144.27 2 1
github.com/daveshanley/vacuum/functions/openapi/unused_component.go:144.27,145.58 1 1
github.com/daveshanley/vacuum/functions/openapi/unused_component.go:145.58,153.4 1 1
github.com/daveshanley/vacuum/functions/openapi/unused_component.go:156.2,156.16 1 1
github.com/daveshanley/vacuum/html-report/build_report.go:71.36,73.2 1 1
github.com/daveshanley/vacuum/html-report/build_report.go:83.57,86.47 1 1
github.com/daveshanley/vacuum/html-report/build_report.go:86.47,89.4 2 0
github.com/daveshanley/vacuum/html-report/build_report.go:90.88,91.44 1 1
github.com/daveshanley/vacuum/html-report/build_report.go:91.44,92.62 1 1
github.com/daveshanley/vacuum/html-report/build_report.go:92.62,94.6 1 0
github.com/daveshanley/vacuum/html-report/build_report.go:95.5,95.62 1 1
github.com/daveshanley/vacuum/html-report/build_report.go:95.62,97.6 1 1
github.com/daveshanley/vacuum/html-report/build_report.go:98.5,98.49 1 0
github.com/daveshanley/vacuum/html-report/build_report.go:98.49,103.6 3 0
github.com/daveshanley/vacuum/html-report/build_report.go:104.5,104.43 1 0
github.com/daveshanley/vacuum/html-report/build_report.go:104.43,107.34 3 0
github.com/daveshanley/vacuum/html-report/build_report.go:107.34,108.28 1 0
github.com/daveshanley/vacuum/html-report/build_report.go:108.28,109.32 1 0
github.com/daveshanley/vacuum/html-report/build_report.go:109.32,111.9 1 0
github.com/daveshanley/vacuum/html-report/build_report.go:114.6,114.36 1 0
github.com/daveshanley/vacuum/html-report/build_report.go:116.5,116.67 1 0
github.com/daveshanley/vacuum/html-report/build_report.go:116.67,118.6 1 0
github.com/daveshanley/vacuum/html-report/build_report.go:119.5,119.17 1 0
github.com/daveshanley/vacuum/html-report/build_report.go:121.4,121.18 1 1
github.com/daveshanley/vacuum/html-report/build_report.go:123.45,125.4 1 1
github.com/daveshanley/vacuum/html-report/build_report.go:126.109,131.50 4 1
github.com/daveshanley/vacuum/html-report/build_report.go:131.50,132.60 1 1
github.com/daveshanley/vacuum/html-report/build_report.go:132.60,134.6 1 1
github.com/daveshanley/vacuum/html-report/build_report.go:135.5,135.60 1 1
github.com/daveshanley/vacuum/html-report/build_report.go:135.60,137.6 1 1
github.com/daveshanley/vacuum/html-report/build_report.go:138.5,138.16 1 0
github.com/daveshanley/vacuum/html-report/build_report.go:140.4,140.12 1 1
github.com/daveshanley/vacuum/html-report/build_report.go:142.47,143.15 1 1
github.com/daveshanley/vacuum/html-report/build_report.go:144.29,145.17 1 1
github.com/daveshanley/vacuum/html-report/build_report.go:146.28,147.20 1 1
github.com/daveshanley/vacuum/html-report/build_report.go:148.28,149.18 1 1
github.com/daveshanley/vacuum/html-report/build_report.go:150.28,151.18 1 0
github.com/daveshanley/vacuum/html-report/build_report.go:153.4,153.13 1 0
github.com/daveshanley/vacuum/html-report/build_report.go:155.79,175.18 10 1
github.com/daveshanley/vacuum/html-report/build_report.go:175.18,177.5 1 0
github.com/daveshanley/vacuum/html-report/build_report.go:178.4,178.21 1 1
github.com/daveshanley/vacuum/html-report/build_report.go:181.2,185.16 5 1
github.com/daveshanley/vacuum/html-report/build_report.go:185.16,187.3 1 0
github.com/daveshanley/vacuum/html-report/build_report.go:188.2,189.16 2 1
github.com/daveshanley/vacuum/html-report/build_report.go:189.16,191.3 1 0
github.com/daveshanley/vacuum/html-report/build_report.go:193.2,202.22 6 1
github.com/daveshanley/vacuum/html-report/build_report.go:202.22,204.3 1 1
github.com/daveshanley/vacuum/html-report/build_report.go:206.2,217.22 2 1
github.com/daveshanley/vacuum/html-report/build_report.go:217.22,219.3 1 1
github.com/daveshanley/vacuum/html-report/build_report.go:220.2,220.27 1 1
github.com/daveshanley/vacuum/html-report/build_report.go:220.27,222.3 1 0
github.com/daveshanley/vacuum/html-report/build_report.go:223.2,224.16 2 1
github.com/daveshanley/vacuum/html-report/build_report.go:224.16,226.3 1 1
github.com/daveshanley/vacuum/html-report/build_report.go:228.2,228.24 1 1
github.com/daveshanley/vacuum/html-report/build_report.go:231.125,233.2 1 1
github.com/daveshanley/vacuum/motor/rule_applicator.go:72.79,77.64 4 1
github.com/daveshanley/vacuum/motor/rule_applicator.go:77.64,79.3 1 1
github.com/daveshanley/vacuum/motor/rule_applicator.go:81.2,93.26 7 1
github.com/daveshanley/vacuum/motor/rule_applicator.go:93.26,96.49 2 0
github.com/daveshanley/vacuum/motor/rule_applicator.go:96.49,101.4 4 0
github.com/daveshanley/vacuum/motor/rule_applicator.go:101.9,104.4 2 0
github.com/daveshanley/vacuum/motor/rule_applicator.go:105.3,106.32 2 0
github.com/daveshanley/vacuum/motor/rule_applicator.go:109.2,112.31 3 1
github.com/daveshanley/vacuum/motor/rule_applicator.go:112.31,114.3 1 1
github.com/daveshanley/vacuum/motor/rule_applicator.go:114.8,119.17 3 1
github.com/daveshanley/vacuum/motor/rule_applicator.go:119.17,122.4 1 1
github.com/daveshanley/vacuum/motor/rule_applicator.go:126.2,130.20 4 1
github.com/daveshanley/vacuum/motor/rule_applicator.go:131.11,134.32 3 1
github.com/daveshanley/vacuum/motor/rule_applicator.go:134.32,137.4 2 1
github.com/daveshanley/vacuum/motor/rule_applicator.go:137.9,140.4 2 0
github.com/daveshanley/vacuum/motor/rule_applicator.go:141.3,141.22 1 1
github.com/daveshanley/vacuum/motor/rule_applicator.go:141.22,143.4 1 1
github.com/daveshanley/vacuum/motor/rule_applicator.go:144.11,147.32 3 1
github.com/daveshanley/vacuum/motor/rule_applicator.go:147.32,150.4 2 1
github.com/daveshanley/vacuum/motor/rule_applicator.go:150.9,153.4 2 0
github.com/daveshanley/vacuum/motor/rule_applicator.go:154.3,154.22 1 1
github.com/daveshanley/vacuum/motor/rule_applicator.go:154.22,156.4 1 1
github.com/daveshanley/vacuum/motor/rule_applicator.go:159.2,165.23 4 1
github.com/daveshanley/vacuum/motor/rule_applicator.go:165.23,167.3 1 1
github.com/daveshanley/vacuum/motor/rule_applicator.go:167.8,169.3 1 1
github.com/daveshanley/vacuum/motor/rule_applicator.go:170.2,180.32 5 1
github.com/daveshanley/vacuum/motor/rule_applicator.go:180.32,181.64 1 1
github.com/daveshanley/vacuum/motor/rule_applicator.go:181.64,183.4 1 1
github.com/daveshanley/vacuum/motor/rule_applicator.go:187.2,207.37 3 1
github.com/daveshanley/vacuum/motor/rule_applicator.go:207.37,217.3 2 1
github.com/daveshanley/vacuum/motor/rule_applicator.go:219.2,219.61 1 1
github.com/daveshanley/vacuum/motor/rule_applicator.go:219.61,230.3 3 1
github.com/daveshanley/vacuum/motor/rule_applicator.go:233.2,235.30 2 1
github.com/daveshanley/vacuum/motor/rule_applicator.go:235.30,236.48 1 1
github.com/daveshanley/vacuum/motor/rule_applicator.go:236.48,239.22 3 1
github.com/daveshanley/vacuum/motor/rule_applicator.go:239.22,242.5 2 1
github.com/daveshanley/vacuum/motor/rule_applicator.go:245.4,258.38 2 1
github.com/daveshanley/vacuum/motor/rule_applicator.go:258.38,260.5 1 1
github.com/daveshanley/vacuum/motor/rule_applicator.go:261.4,261.19 1 1
github.com/daveshanley/vacuum/motor/rule_applicator.go:264.3,264.23 1 1
github.com/daveshanley/vacuum/motor/rule_applicator.go:267.2,273.3 1 1
github.com/daveshanley/vacuum/motor/rule_applicator.go:276.31,278.26 1 1
github.com/daveshanley/vacuum/motor/rule_applicator.go:278.26,279.16 1 1
github.com/daveshanley/vacuum/motor/rule_applicator.go:279.16,280.32 1 1
github.com/daveshanley/vacuum/motor/rule_applicator.go:280.32,282.5 1 1
github.com/daveshanley/vacuum/motor/rule_applicator.go:285.2,288.42 3 1
github.com/daveshanley/vacuum/motor/rule_applicator.go:288.42,290.3 1 1
github.com/daveshanley/vacuum/motor/rule_applicator.go:292.2,292.49 1 1
github.com/daveshanley/vacuum/motor/rule_applicator.go:292.49,293.25 1 1
github.com/daveshanley/vacuum/motor/rule_applicator.go:293.25,294.34 1 1
github.com/daveshanley/vacuum/motor/rule_applicator.go:294.34,296.5 1 1
github.com/daveshanley/vacuum/motor/rule_applicator.go:300.2,300.39 1 1
github.com/daveshanley/vacuum/motor/rule_applicator.go:300.39,304.23 3 1
github.com/daveshanley/vacuum/motor/rule_applicator.go:304.23,306.4 1 1
github.com/daveshanley/vacuum/motor/rule_applicator.go:306.9,309.4 1 1
github.com/daveshanley/vacuum/motor/rule_applicator.go:311.3,311.17 1 1
github.com/daveshanley/vacuum/motor/rule_applicator.go:311.17,314.4 2 1
github.com/daveshanley/vacuum/motor/rule_applicator.go:315.3,315.22 1 1
github.com/daveshanley/vacuum/motor/rule_applicator.go:315.22,316.12 1 1
github.com/daveshanley/vacuum/motor/rule_applicator.go:320.3,323.17 3 1
github.com/daveshanley/vacuum/motor/rule_applicator.go:323.17,327.4 1 1
github.com/daveshanley/vacuum/motor/rule_applicator.go:327.9,333.18 3 1
github.com/daveshanley/vacuum/motor/rule_applicator.go:333.18,334.41 1 1
github.com/daveshanley/vacuum/motor/rule_applicator.go:334.41,336.6 1 1
github.com/daveshanley/vacuum/motor/rule_applicator.go:344.113,348.25 2 1
github.com/daveshanley/vacuum/motor/rule_applicator.go:348.25,349.33 1 1
github.com/daveshanley/vacuum/motor/rule_applicator.go:349.33,350.55 1 1
github.com/daveshanley/vacuum/motor/rule_applicator.go:350.55,352.5 1 1
github.com/daveshanley/vacuum/motor/rule_applicator.go:356.2,356.25 1 1
github.com/daveshanley/vacuum/motor/rule_applicator.go:356.25,368.66 2 1
github.com/daveshanley/vacuum/motor/rule_applicator.go:368.66,369.24 1 0
github.com/daveshanley/vacuum/motor/rule_applicator.go:369.24,371.5 1 0
github.com/daveshanley/vacuum/motor/rule_applicator.go:372.4,372.26 1 0
github.com/daveshanley/vacuum/motor/rule_applicator.go:376.3,377.11 2 1
github.com/daveshanley/vacuum/motor/rule_applicator.go:377.11,378.27 1 1
github.com/daveshanley/vacuum/motor/rule_applicator.go:378.27,382.5 3 1
github.com/daveshanley/vacuum/motor/rule_applicator.go:383.9,386.31 1 1
github.com/daveshanley/vacuum/motor/rule_applicator.go:386.31,389.34 1 1
github.com/daveshanley/vacuum/motor/rule_applicator.go:389.34,391.46 2 1
github.com/daveshanley/vacuum/motor/rule_applicator.go:391.46,392.44 1 1
github.com/daveshanley/vacuum/motor/rule_applicator.go:392.44,394.8 1 1
github.com/daveshanley/vacuum/motor/rule_applicator.go:396.6,396.49 1 1
github.com/daveshanley/vacuum/motor/rule_applicator.go:396.49,397.15 1 1
github.com/daveshanley/vacuum/motor/rule_applicator.go:401.5,407.18 4 1
github.com/daveshanley/vacuum/motor/rule_applicator.go:412.2,412.24 1 1
github.com/daveshanley/vacuum/motor/rule_composer.go:17.41,19.2 1 1
github.com/daveshanley/vacuum/motor/rule_composer.go:22.83,24.16 2 1
github.com/daveshanley/vacuum/motor/rule_composer.go:24.16,26.3 1 1
github.com/daveshanley/vacuum/motor/rule_composer.go:29.2,29.24 1 1
github.com/daveshanley/vacuum/motor/rule_composer.go:29.24,31.3 1 1
github.com/daveshanley/vacuum/motor/rule_composer.go:34.2,37.29 2 1
github.com/daveshanley/vacuum/motor/rule_composer.go:37.29,39.20 1 1
github.com/daveshanley/vacuum/motor/rule_composer.go:39.20,44.18 3 1
github.com/daveshanley/vacuum/motor/rule_composer.go:44.18,46.34 1 1
github.com/daveshanley/vacuum/motor/rule_composer.go:46.34,49.18 2 1
github.com/daveshanley/vacuum/motor/rule_composer.go:49.18,52.7 1 1
github.com/daveshanley/vacuum/motor/rule_composer.go:57.4,60.18 3 1
github.com/daveshanley/vacuum/motor/rule_composer.go:60.18,62.41 1 1
github.com/daveshanley/vacuum/motor/rule_composer.go:62.41,63.32 1 1
github.com/daveshanley/vacuum/motor/rule_composer.go:63.32,66.19 2 1
github.com/daveshanley/vacuum/motor/rule_composer.go:66.19,69.8 1 0
github.com/daveshanley/vacuum/motor/rule_composer.go:76.2,76.16 1 1
github.com/daveshanley/vacuum/statistics/statistics.go:12.135,18.50 4 1
github.com/daveshanley/vacuum/statistics/statistics.go:18.50,27.40 9 1
github.com/daveshanley/vacuum/statistics/statistics.go:27.40,29.4 1 1
github.com/daveshanley/vacuum/statistics/statistics.go:29.9,31.4 1 1
github.com/daveshanley/vacuum/statistics/statistics.go:32.3,41.5 1 1
github.com/daveshanley/vacuum/statistics/statistics.go:44.2,49.47 5 1
github.com/daveshanley/vacuum/statistics/statistics.go:49.47,52.3 1 0
github.com/daveshanley/vacuum/statistics/statistics.go:54.2,54.15 1 1
github.com/daveshanley/vacuum/statistics/statistics.go:54.15,56.3 1 1
github.com/daveshanley/vacuum/statistics/statistics.go:58.2,81.14 2 1
